# JRE version: OpenJDK Runtime Environment Temurin-21.0.12.1+1 (21.0.12.1+1) (build 21.0.12.1+1-LTS)
# Java VM: OpenJDK 64-Bit Server VM Temurin-21.0.12.1+1 (21.0.12.1+1-LTS, mixed mode, sharing, tiered, compressed oops, compressed class ptrs, parallel gc, windows-amd64)
GC Precious Log:
 CardTable entry size: 512
 CPUs: 4 total, 4 available
 Memory: 3956M
 Large Page Support: Disabled
 NUMA Support: Disabled
 Compressed Oops: Enabled (32-bit)
 Alignments: Space 512K, Generation 512K, Heap 2M
 Heap Min Capacity: 100M
 Heap Initial Capacity: 100M
 Heap Max Capacity: 2G
 Pre-touch: Disabled
 Parallel Workers: 4
Heap:
 PSYoungGen      total 12288K, used 7753K [0x00000000d5580000, 0x00000000d6400000, 0x0000000100000000)
  eden space 11264K, 60% used [0x00000000d5580000,0x00000000d5c32720,0x00000000d6080000)
  from space 1024K, 87% used [0x00000000d6080000,0x00000000d6160060,0x00000000d6180000)
  to   space 1536K, 0% used [0x00000000d6280000,0x00000000d6280000,0x00000000d6400000)
 ParOldGen       total 78848K, used 64802K [0x0000000080000000, 0x0000000084d00000, 0x00000000d5580000)
  object space 78848K, 82% used [0x0000000080000000,0x0000000083f48bc0,0x0000000084d00000)
 Metaspace       used 73644K, committed 75200K, reserved 1179648K
  class space    used 7478K, committed 8064K, reserved 1048576K
GC Heap History (20 events):
Event: 1927.204 GC heap before
{Heap before GC invocations=116 (full 4):
 PSYoungGen      total 13312K, used 12704K [0x00000000d5580000, 0x00000000d6580000, 0x0000000100000000)
  eden space 12288K, 100% used [0x00000000d5580000,0x00000000d6180000,0x00000000d6180000)
  from space 1024K, 40% used [0x00000000d6200000,0x00000000d6268000,0x00000000d6300000)
  to   space 1024K, 0% used [0x00000000d6480000,0x00000000d6480000,0x00000000d6580000)
 ParOldGen       total 78848K, used 59902K [0x0000000080000000, 0x0000000084d00000, 0x00000000d5580000)
  object space 78848K, 75% used [0x0000000080000000,0x0000000083a7fb78,0x0000000084d00000)
 Metaspace       used 71283K, committed 72768K, reserved 1114112K
  class space    used 7168K, committed 7744K, reserved 1048576K
}
Event: 1927.212 GC heap after
{Heap after GC invocations=116 (full 4):
 PSYoungGen      total 13312K, used 672K [0x00000000d5580000, 0x00000000d6580000, 0x0000000100000000)
  eden space 12288K, 0% used [0x00000000d5580000,0x00000000d5580000,0x00000000d6180000)
  from space 1024K, 65% used [0x00000000d6480000,0x00000000d6528398,0x00000000d6580000)
  to   space 1024K, 0% used [0x00000000d6200000,0x00000000d6200000,0x00000000d6300000)
 ParOldGen       total 78848K, used 59942K [0x0000000080000000, 0x0000000084d00000, 0x00000000d5580000)
  object space 78848K, 76% used [0x0000000080000000,0x0000000083a89b78,0x0000000084d00000)
 Metaspace       used 71283K, committed 72768K, reserved 1114112K
  class space    used 7168K, committed 7744K, reserved 1048576K
}
Event: 1929.054 GC heap before
{Heap before GC invocations=117 (full 4):
 PSYoungGen      total 13312K, used 12960K [0x00000000d5580000, 0x00000000d6580000, 0x0000000100000000)
  eden space 12288K, 100% used [0x00000000d5580000,0x00000000d6180000,0x00000000d6180000)
  from space 1024K, 65% used [0x00000000d6480000,0x00000000d6528398,0x00000000d6580000)
  to   space 1024K, 0% used [0x00000000d6200000,0x00000000d6200000,0x00000000d6300000)
 ParOldGen       total 78848K, used 59942K [0x0000000080000000, 0x0000000084d00000, 0x00000000d5580000)
  object space 78848K, 76% used [0x0000000080000000,0x0000000083a89b78,0x0000000084d00000)
 Metaspace       used 71931K, committed 73408K, reserved 1179648K
  class space    used 7257K, committed 7872K, reserved 1048576K
}
Event: 1929.064 GC heap after
{Heap after GC invocations=117 (full 4):
 PSYoungGen      total 13312K, used 767K [0x00000000d5580000, 0x00000000d6500000, 0x0000000100000000)
  eden space 12288K, 0% used [0x00000000d5580000,0x00000000d5580000,0x00000000d6180000)
  from space 1024K, 74% used [0x00000000d6200000,0x00000000d62bfc78,0x00000000d6300000)
  to   space 1024K, 0% used [0x00000000d6400000,0x00000000d6400000,0x00000000d6500000)
 ParOldGen       total 78848K, used 60513K [0x0000000080000000, 0x0000000084d00000, 0x00000000d5580000)
  object space 78848K, 76% used [0x0000000080000000,0x0000000083b18660,0x0000000084d00000)
 Metaspace       used 71931K, committed 73408K, reserved 1179648K
  class space    used 7257K, committed 7872K, reserved 1048576K
}
Event: 1930.424 GC heap before
{Heap before GC invocations=118 (full 4):
 PSYoungGen      total 13312K, used 13055K [0x00000000d5580000, 0x00000000d6500000, 0x0000000100000000)
  eden space 12288K, 100% used [0x00000000d5580000,0x00000000d6180000,0x00000000d6180000)
  from space 1024K, 74% used [0x00000000d6200000,0x00000000d62bfc78,0x00000000d6300000)
  to   space 1024K, 0% used [0x00000000d6400000,0x00000000d6400000,0x00000000d6500000)
 ParOldGen       total 78848K, used 60513K [0x0000000080000000, 0x0000000084d00000, 0x00000000d5580000)
  object space 78848K, 76% used [0x0000000080000000,0x0000000083b18660,0x0000000084d00000)
 Metaspace       used 72359K, committed 73856K, reserved 1179648K
  class space    used 7328K, committed 7936K, reserved 1048576K
}
Event: 1930.433 GC heap after
{Heap after GC invocations=118 (full 4):
 PSYoungGen      total 13312K, used 624K [0x00000000d5580000, 0x00000000d6500000, 0x0000000100000000)
  eden space 12288K, 0% used [0x00000000d5580000,0x00000000d5580000,0x00000000d6180000)
  from space 1024K, 60% used [0x00000000d6400000,0x00000000d649c1c8,0x00000000d6500000)
  to   space 1024K, 0% used [0x00000000d6200000,0x00000000d6200000,0x00000000d6300000)
 ParOldGen       total 78848K, used 61176K [0x0000000080000000, 0x0000000084d00000, 0x00000000d5580000)
  object space 78848K, 77% used [0x0000000080000000,0x0000000083bbe370,0x0000000084d00000)
 Metaspace       used 72359K, committed 73856K, reserved 1179648K
  class space    used 7328K, committed 7936K, reserved 1048576K
}
Event: 1938.722 GC heap before
{Heap before GC invocations=119 (full 4):
 PSYoungGen      total 13312K, used 12912K [0x00000000d5580000, 0x00000000d6500000, 0x0000000100000000)
  eden space 12288K, 100% used [0x00000000d5580000,0x00000000d6180000,0x00000000d6180000)
  from space 1024K, 60% used [0x00000000d6400000,0x00000000d649c1c8,0x00000000d6500000)
  to   space 1024K, 0% used [0x00000000d6200000,0x00000000d6200000,0x00000000d6300000)
 ParOldGen       total 78848K, used 61176K [0x0000000080000000, 0x0000000084d00000, 0x00000000d5580000)
  object space 78848K, 77% used [0x0000000080000000,0x0000000083bbe370,0x0000000084d00000)
 Metaspace       used 73418K, committed 74944K, reserved 1179648K
  class space    used 7471K, committed 8064K, reserved 1048576K
}
Event: 1938.729 GC heap after
{Heap after GC invocations=119 (full 4):
 PSYoungGen      total 13312K, used 420K [0x00000000d5580000, 0x00000000d6480000, 0x0000000100000000)
  eden space 12288K, 0% used [0x00000000d5580000,0x00000000d5580000,0x00000000d6180000)
  from space 1024K, 41% used [0x00000000d6200000,0x00000000d6269138,0x00000000d6300000)
  to   space 512K, 0% used [0x00000000d6400000,0x00000000d6400000,0x00000000d6480000)
 ParOldGen       total 78848K, used 61610K [0x0000000080000000, 0x0000000084d00000, 0x00000000d5580000)
  object space 78848K, 78% used [0x0000000080000000,0x0000000083c2a9b0,0x0000000084d00000)
 Metaspace       used 73418K, committed 74944K, reserved 1179648K
  class space    used 7471K, committed 8064K, reserved 1048576K
}
Event: 1942.140 GC heap before
{Heap before GC invocations=120 (full 4):
 PSYoungGen      total 13312K, used 12708K [0x00000000d5580000, 0x00000000d6480000, 0x0000000100000000)
  eden space 12288K, 99% used [0x00000000d5580000,0x00000000d617fff8,0x00000000d6180000)
  from space 1024K, 41% used [0x00000000d6200000,0x00000000d6269138,0x00000000d6300000)
  to   space 512K, 0% used [0x00000000d6400000,0x00000000d6400000,0x00000000d6480000)
 ParOldGen       total 78848K, used 61610K [0x0000000080000000, 0x0000000084d00000, 0x00000000d5580000)
  object space 78848K, 78% used [0x0000000080000000,0x0000000083c2a9b0,0x0000000084d00000)
 Metaspace       used 73452K, committed 74944K, reserved 1179648K
  class space    used 7473K, committed 8064K, reserved 1048576K
}
Event: 1942.148 GC heap after
{Heap after GC invocations=120 (full 4):
 PSYoungGen      total 12800K, used 496K [0x00000000d5580000, 0x00000000d6480000, 0x0000000100000000)
  eden space 12288K, 0% used [0x00000000d5580000,0x00000000d5580000,0x00000000d6180000)
  from space 512K, 96% used [0x00000000d6400000,0x00000000d647c010,0x00000000d6480000)
  to   space 1536K, 0% used [0x00000000d6180000,0x00000000d6180000,0x00000000d6300000)
 ParOldGen       total 78848K, used 62055K [0x0000000080000000, 0x0000000084d00000, 0x00000000d5580000)
  object space 78848K, 78% used [0x0000000080000000,0x0000000083c99f28,0x0000000084d00000)
 Metaspace       used 73452K, committed 74944K, reserved 1179648K
  class space    used 7473K, committed 8064K, reserved 1048576K
}
Event: 1948.056 GC heap before
{Heap before GC invocations=121 (full 4):
 PSYoungGen      total 12800K, used 12784K [0x00000000d5580000, 0x00000000d6480000, 0x0000000100000000)
  eden space 12288K, 100% used [0x00000000d5580000,0x00000000d6180000,0x00000000d6180000)
  from space 512K, 96% used [0x00000000d6400000,0x00000000d647c010,0x00000000d6480000)
  to   space 1536K, 0% used [0x00000000d6180000,0x00000000d6180000,0x00000000d6300000)
 ParOldGen       total 78848K, used 62055K [0x0000000080000000, 0x0000000084d00000, 0x00000000d5580000)
  object space 78848K, 78% used [0x0000000080000000,0x0000000083c99f28,0x0000000084d00000)
 Metaspace       used 73533K, committed 75008K, reserved 1179648K
  class space    used 7477K, committed 8064K, reserved 1048576K
}
Event: 1948.062 GC heap after
{Heap after GC invocations=121 (full 4):
 PSYoungGen      total 13824K, used 768K [0x00000000d5580000, 0x00000000d6480000, 0x0000000100000000)
  eden space 12288K, 0% used [0x00000000d5580000,0x00000000d5580000,0x00000000d6180000)
  from space 1536K, 50% used [0x00000000d6180000,0x00000000d6240000,0x00000000d6300000)
  to   space 1024K, 0% used [0x00000000d6380000,0x00000000d6380000,0x00000000d6480000)
 ParOldGen       total 78848K, used 62326K [0x0000000080000000, 0x0000000084d00000, 0x00000000d5580000)
  object space 78848K, 79% used [0x0000000080000000,0x0000000083cdd968,0x0000000084d00000)
 Metaspace       used 73533K, committed 75008K, reserved 1179648K
  class space    used 7477K, committed 8064K, reserved 1048576K
}
Event: 1949.782 GC heap before
{Heap before GC invocations=122 (full 4):
 PSYoungGen      total 13824K, used 13056K [0x00000000d5580000, 0x00000000d6480000, 0x0000000100000000)
  eden space 12288K, 100% used [0x00000000d5580000,0x00000000d6180000,0x00000000d6180000)
  from space 1536K, 50% used [0x00000000d6180000,0x00000000d6240000,0x00000000d6300000)
  to   space 1024K, 0% used [0x00000000d6380000,0x00000000d6380000,0x00000000d6480000)
 ParOldGen       total 78848K, used 62326K [0x0000000080000000, 0x0000000084d00000, 0x00000000d5580000)
  object space 78848K, 79% used [0x0000000080000000,0x0000000083cdd968,0x0000000084d00000)
 Metaspace       used 73546K, committed 75008K, reserved 1179648K
  class space    used 7478K, committed 8064K, reserved 1048576K
}
Event: 1949.787 GC heap after
{Heap after GC invocations=122 (full 4):
 PSYoungGen      total 12800K, used 448K [0x00000000d5580000, 0x00000000d6400000, 0x0000000100000000)
  eden space 12288K, 0% used [0x00000000d5580000,0x00000000d5580000,0x00000000d6180000)
  from space 512K, 87% used [0x00000000d6380000,0x00000000d63f0020,0x00000000d6400000)
  to   space 1024K, 0% used [0x00000000d6200000,0x00000000d6200000,0x00000000d6300000)
 ParOldGen       total 78848K, used 62358K [0x0000000080000000, 0x0000000084d00000, 0x00000000d5580000)
  object space 78848K, 79% used [0x0000000080000000,0x0000000083ce5968,0x0000000084d00000)
 Metaspace       used 73546K, committed 75008K, reserved 1179648K
  class space    used 7478K, committed 8064K, reserved 1048576K
}
Event: 2254.742 GC heap before
{Heap before GC invocations=123 (full 4):
 PSYoungGen      total 12800K, used 12631K [0x00000000d5580000, 0x00000000d6400000, 0x0000000100000000)
  eden space 12288K, 99% used [0x00000000d5580000,0x00000000d6165cb8,0x00000000d6180000)
  from space 512K, 87% used [0x00000000d6380000,0x00000000d63f0020,0x00000000d6400000)
  to   space 1024K, 0% used [0x00000000d6200000,0x00000000d6200000,0x00000000d6300000)
 ParOldGen       total 78848K, used 62358K [0x0000000080000000, 0x0000000084d00000, 0x00000000d5580000)
  object space 78848K, 79% used [0x0000000080000000,0x0000000083ce5968,0x0000000084d00000)
 Metaspace       used 73612K, committed 75072K, reserved 1179648K
  class space    used 7478K, committed 8064K, reserved 1048576K
}
Event: 2254.749 GC heap after
{Heap after GC invocations=123 (full 4):
 PSYoungGen      total 13312K, used 352K [0x00000000d5580000, 0x00000000d6400000, 0x0000000100000000)
  eden space 12288K, 0% used [0x00000000d5580000,0x00000000d5580000,0x00000000d6180000)
  from space 1024K, 34% used [0x00000000d6200000,0x00000000d6258020,0x00000000d6300000)
  to   space 512K, 0% used [0x00000000d6380000,0x00000000d6380000,0x00000000d6400000)
 ParOldGen       total 78848K, used 62382K [0x0000000080000000, 0x0000000084d00000, 0x00000000d5580000)
  object space 78848K, 79% used [0x0000000080000000,0x0000000083ceb968,0x0000000084d00000)
 Metaspace       used 73612K, committed 75072K, reserved 1179648K
  class space    used 7478K, committed 8064K, reserved 1048576K
}
Event: 2265.103 GC heap before
{Heap before GC invocations=124 (full 4):
 PSYoungGen      total 13312K, used 12640K [0x00000000d5580000, 0x00000000d6400000, 0x0000000100000000)
  eden space 12288K, 100% used [0x00000000d5580000,0x00000000d6180000,0x00000000d6180000)
  from space 1024K, 34% used [0x00000000d6200000,0x00000000d6258020,0x00000000d6300000)
  to   space 512K, 0% used [0x00000000d6380000,0x00000000d6380000,0x00000000d6400000)
 ParOldGen       total 78848K, used 62382K [0x0000000080000000, 0x0000000084d00000, 0x00000000d5580000)
  object space 78848K, 79% used [0x0000000080000000,0x0000000083ceb968,0x0000000084d00000)
 Metaspace       used 73625K, committed 75072K, reserved 1179648K
  class space    used 7478K, committed 8064K, reserved 1048576K
}
Event: 2265.116 GC heap after
{Heap after GC invocations=124 (full 4):
 PSYoungGen      total 11776K, used 487K [0x00000000d5580000, 0x00000000d6780000, 0x0000000100000000)
  eden space 11264K, 0% used [0x00000000d5580000,0x00000000d5580000,0x00000000d6080000)
  from space 512K, 95% used [0x00000000d6380000,0x00000000d63f9db8,0x00000000d6400000)
  to   space 3072K, 0% used [0x00000000d6080000,0x00000000d6080000,0x00000000d6380000)
 ParOldGen       total 78848K, used 64509K [0x0000000080000000, 0x0000000084d00000, 0x00000000d5580000)
  object space 78848K, 81% used [0x0000000080000000,0x0000000083eff720,0x0000000084d00000)
 Metaspace       used 73625K, committed 75072K, reserved 1179648K
  class space    used 7478K, committed 8064K, reserved 1048576K
}
Event: 2270.253 GC heap before
{Heap before GC invocations=125 (full 4):
 PSYoungGen      total 11776K, used 11751K [0x00000000d5580000, 0x00000000d6780000, 0x0000000100000000)
  eden space 11264K, 100% used [0x00000000d5580000,0x00000000d6080000,0x00000000d6080000)
  from space 512K, 95% used [0x00000000d6380000,0x00000000d63f9db8,0x00000000d6400000)
  to   space 3072K, 0% used [0x00000000d6080000,0x00000000d6080000,0x00000000d6380000)
 ParOldGen       total 78848K, used 64509K [0x0000000080000000, 0x0000000084d00000, 0x00000000d5580000)
  object space 78848K, 81% used [0x0000000080000000,0x0000000083eff720,0x0000000084d00000)
 Metaspace       used 73635K, committed 75136K, reserved 1179648K
  class space    used 7478K, committed 8064K, reserved 1048576K
}
Event: 2270.260 GC heap after
{Heap after GC invocations=125 (full 4):
 PSYoungGen      total 12288K, used 896K [0x00000000d5580000, 0x00000000d6400000, 0x0000000100000000)
  eden space 11264K, 0% used [0x00000000d5580000,0x00000000d5580000,0x00000000d6080000)
  from space 1024K, 87% used [0x00000000d6080000,0x00000000d6160060,0x00000000d6180000)
  to   space 1536K, 0% used [0x00000000d6280000,0x00000000d6280000,0x00000000d6400000)
 ParOldGen       total 78848K, used 64802K [0x0000000080000000, 0x0000000084d00000, 0x00000000d5580000)
  object space 78848K, 82% used [0x0000000080000000,0x0000000083f48bc0,0x0000000084d00000)
 Metaspace       used 73635K, committed 75136K, reserved 1179648K
  class space    used 7478K, committed 8064K, reserved 1048576K
}

