# JRE version: OpenJDK Runtime Environment Temurin-21.0.12.1+1 (21.0.12.1+1) (build 21.0.12.1+1-LTS)
# Java VM: OpenJDK 64-Bit Server VM Temurin-21.0.12.1+1 (21.0.12.1+1-LTS, mixed mode, sharing, tiered, compressed oops, compressed class ptrs, parallel gc, windows-amd64)
GC Precious Log:
 CardTable entry size: 512
 CPUs: 4 total, 4 available
 Memory: 3956M
 Large Page Support: Disabled
 NUMA Support: Disabled
 Compressed Oops: Enabled (32-bit)
 Alignments: Space 512K, Generation 512K, Heap 2M
 Heap Min Capacity: 100M
 Heap Initial Capacity: 100M
 Heap Max Capacity: 2G
 Pre-touch: Disabled
 Parallel Workers: 4
Heap:
 PSYoungGen      total 8704K, used 8336K [0x00000000d5580000, 0x00000000d6180000, 0x0000000100000000)
  eden space 7168K, 100% used [0x00000000d5580000,0x00000000d5c80000,0x00000000d5c80000)
  from space 1536K, 76% used [0x00000000d5f00000,0x00000000d6024010,0x00000000d6080000)
  to   space 1024K, 0% used [0x00000000d6080000,0x00000000d6080000,0x00000000d6180000)
 ParOldGen       total 311296K, used 163567K [0x0000000080000000, 0x0000000093000000, 0x00000000d5580000)
  object space 311296K, 52% used [0x0000000080000000,0x0000000089fbbfb8,0x0000000093000000)
 Metaspace       used 79458K, committed 81088K, reserved 1179648K
  class space    used 8115K, committed 8896K, reserved 1048576K
GC Heap History (20 events):
Event: 1035.897 GC heap before
{Heap before GC invocations=754 (full 6):
 PSYoungGen      total 8704K, used 8686K [0x00000000d5580000, 0x00000000d6880000, 0x0000000100000000)
  eden space 7168K, 100% used [0x00000000d5580000,0x00000000d5c80000,0x00000000d5c80000)
  from space 1536K, 98% used [0x00000000d5e00000,0x00000000d5f7bb30,0x00000000d5f80000)
  to   space 6144K, 0% used [0x00000000d6280000,0x00000000d6280000,0x00000000d6880000)
 ParOldGen       total 311296K, used 162421K [0x0000000080000000, 0x0000000093000000, 0x00000000d5580000)
  object space 311296K, 52% used [0x0000000080000000,0x0000000089e9d6a8,0x0000000093000000)
 Metaspace       used 79378K, committed 81024K, reserved 1179648K
  class space    used 8113K, committed 8896K, reserved 1048576K
}
Event: 1035.903 GC heap after
{Heap after GC invocations=754 (full 6):
 PSYoungGen      total 7680K, used 512K [0x00000000d5580000, 0x00000000d6300000, 0x0000000100000000)
  eden space 7168K, 0% used [0x00000000d5580000,0x00000000d5580000,0x00000000d5c80000)
  from space 512K, 100% used [0x00000000d6280000,0x00000000d6300000,0x00000000d6300000)
  to   space 2560K, 0% used [0x00000000d5e00000,0x00000000d5e00000,0x00000000d6080000)
 ParOldGen       total 311296K, used 162794K [0x0000000080000000, 0x0000000093000000, 0x00000000d5580000)
  object space 311296K, 52% used [0x0000000080000000,0x0000000089efab28,0x0000000093000000)
 Metaspace       used 79378K, committed 81024K, reserved 1179648K
  class space    used 8113K, committed 8896K, reserved 1048576K
}
Event: 1037.734 GC heap before
{Heap before GC invocations=755 (full 6):
 PSYoungGen      total 7680K, used 7679K [0x00000000d5580000, 0x00000000d6300000, 0x0000000100000000)
  eden space 7168K, 99% used [0x00000000d5580000,0x00000000d5c7fff0,0x00000000d5c80000)
  from space 512K, 100% used [0x00000000d6280000,0x00000000d6300000,0x00000000d6300000)
  to   space 2560K, 0% used [0x00000000d5e00000,0x00000000d5e00000,0x00000000d6080000)
 ParOldGen       total 311296K, used 162794K [0x0000000080000000, 0x0000000093000000, 0x00000000d5580000)
  object space 311296K, 52% used [0x0000000080000000,0x0000000089efab28,0x0000000093000000)
 Metaspace       used 79383K, committed 81024K, reserved 1179648K
  class space    used 8113K, committed 8896K, reserved 1048576K
}
Event: 1037.739 GC heap after
{Heap after GC invocations=755 (full 6):
 PSYoungGen      total 9728K, used 448K [0x00000000d5580000, 0x00000000d6300000, 0x0000000100000000)
  eden space 7168K, 0% used [0x00000000d5580000,0x00000000d5580000,0x00000000d5c80000)
  from space 2560K, 17% used [0x00000000d5e00000,0x00000000d5e70000,0x00000000d6080000)
  to   space 1024K, 0% used [0x00000000d6200000,0x00000000d6200000,0x00000000d6300000)
 ParOldGen       total 311296K, used 162794K [0x0000000080000000, 0x0000000093000000, 0x00000000d5580000)
  object space 311296K, 52% used [0x0000000080000000,0x0000000089efab28,0x0000000093000000)
 Metaspace       used 79383K, committed 81024K, reserved 1179648K
  class space    used 8113K, committed 8896K, reserved 1048576K
}
Event: 1039.536 GC heap before
{Heap before GC invocations=756 (full 6):
 PSYoungGen      total 9728K, used 7615K [0x00000000d5580000, 0x00000000d6300000, 0x0000000100000000)
  eden space 7168K, 99% used [0x00000000d5580000,0x00000000d5c7ff88,0x00000000d5c80000)
  from space 2560K, 17% used [0x00000000d5e00000,0x00000000d5e70000,0x00000000d6080000)
  to   space 1024K, 0% used [0x00000000d6200000,0x00000000d6200000,0x00000000d6300000)
 ParOldGen       total 311296K, used 162794K [0x0000000080000000, 0x0000000093000000, 0x00000000d5580000)
  object space 311296K, 52% used [0x0000000080000000,0x0000000089efab28,0x0000000093000000)
 Metaspace       used 79386K, committed 81024K, reserved 1179648K
  class space    used 8113K, committed 8896K, reserved 1048576K
}
Event: 1039.548 GC heap after
{Heap after GC invocations=756 (full 6):
 PSYoungGen      total 8192K, used 688K [0x00000000d5580000, 0x00000000d6300000, 0x0000000100000000)
  eden space 7168K, 0% used [0x00000000d5580000,0x00000000d5580000,0x00000000d5c80000)
  from space 1024K, 67% used [0x00000000d6200000,0x00000000d62ac010,0x00000000d6300000)
  to   space 1024K, 0% used [0x00000000d6100000,0x00000000d6100000,0x00000000d6200000)
 ParOldGen       total 311296K, used 162794K [0x0000000080000000, 0x0000000093000000, 0x00000000d5580000)
  object space 311296K, 52% used [0x0000000080000000,0x0000000089efab28,0x0000000093000000)
 Metaspace       used 79386K, committed 81024K, reserved 1179648K
  class space    used 8113K, committed 8896K, reserved 1048576K
}
Event: 1043.150 GC heap before
{Heap before GC invocations=757 (full 6):
 PSYoungGen      total 8192K, used 7856K [0x00000000d5580000, 0x00000000d6300000, 0x0000000100000000)
  eden space 7168K, 100% used [0x00000000d5580000,0x00000000d5c80000,0x00000000d5c80000)
  from space 1024K, 67% used [0x00000000d6200000,0x00000000d62ac010,0x00000000d6300000)
  to   space 1024K, 0% used [0x00000000d6100000,0x00000000d6100000,0x00000000d6200000)
 ParOldGen       total 311296K, used 162794K [0x0000000080000000, 0x0000000093000000, 0x00000000d5580000)
  object space 311296K, 52% used [0x0000000080000000,0x0000000089efab28,0x0000000093000000)
 Metaspace       used 79386K, committed 81024K, reserved 1179648K
  class space    used 8113K, committed 8896K, reserved 1048576K
}
Event: 1043.155 GC heap after
{Heap after GC invocations=757 (full 6):
 PSYoungGen      total 7680K, used 448K [0x00000000d5580000, 0x00000000d6280000, 0x0000000100000000)
  eden space 7168K, 0% used [0x00000000d5580000,0x00000000d5580000,0x00000000d5c80000)
  from space 512K, 87% used [0x00000000d6100000,0x00000000d6170000,0x00000000d6180000)
  to   space 1024K, 0% used [0x00000000d6180000,0x00000000d6180000,0x00000000d6280000)
 ParOldGen       total 311296K, used 162794K [0x0000000080000000, 0x0000000093000000, 0x00000000d5580000)
  object space 311296K, 52% used [0x0000000080000000,0x0000000089efab28,0x0000000093000000)
 Metaspace       used 79386K, committed 81024K, reserved 1179648K
  class space    used 8113K, committed 8896K, reserved 1048576K
}
Event: 1043.419 GC heap before
{Heap before GC invocations=758 (full 6):
 PSYoungGen      total 7680K, used 7616K [0x00000000d5580000, 0x00000000d6280000, 0x0000000100000000)
  eden space 7168K, 100% used [0x00000000d5580000,0x00000000d5c80000,0x00000000d5c80000)
  from space 512K, 87% used [0x00000000d6100000,0x00000000d6170000,0x00000000d6180000)
  to   space 1024K, 0% used [0x00000000d6180000,0x00000000d6180000,0x00000000d6280000)
 ParOldGen       total 311296K, used 162794K [0x0000000080000000, 0x0000000093000000, 0x00000000d5580000)
  object space 311296K, 52% used [0x0000000080000000,0x0000000089efab28,0x0000000093000000)
 Metaspace       used 79387K, committed 81024K, reserved 1179648K
  class space    used 8113K, committed 8896K, reserved 1048576K
}
Event: 1043.425 GC heap after
{Heap after GC invocations=758 (full 6):
 PSYoungGen      total 8192K, used 800K [0x00000000d5580000, 0x00000000d6280000, 0x0000000100000000)
  eden space 7168K, 0% used [0x00000000d5580000,0x00000000d5580000,0x00000000d5c80000)
  from space 1024K, 78% used [0x00000000d6180000,0x00000000d6248000,0x00000000d6280000)
  to   space 1024K, 0% used [0x00000000d6080000,0x00000000d6080000,0x00000000d6180000)
 ParOldGen       total 311296K, used 162794K [0x0000000080000000, 0x0000000093000000, 0x00000000d5580000)
  object space 311296K, 52% used [0x0000000080000000,0x0000000089efab28,0x0000000093000000)
 Metaspace       used 79387K, committed 81024K, reserved 1179648K
  class space    used 8113K, committed 8896K, reserved 1048576K
}
Event: 1044.790 GC heap before
{Heap before GC invocations=759 (full 6):
 PSYoungGen      total 8192K, used 7968K [0x00000000d5580000, 0x00000000d6280000, 0x0000000100000000)
  eden space 7168K, 100% used [0x00000000d5580000,0x00000000d5c80000,0x00000000d5c80000)
  from space 1024K, 78% used [0x00000000d6180000,0x00000000d6248000,0x00000000d6280000)
  to   space 1024K, 0% used [0x00000000d6080000,0x00000000d6080000,0x00000000d6180000)
 ParOldGen       total 311296K, used 162794K [0x0000000080000000, 0x0000000093000000, 0x00000000d5580000)
  object space 311296K, 52% used [0x0000000080000000,0x0000000089efab28,0x0000000093000000)
 Metaspace       used 79399K, committed 81024K, reserved 1179648K
  class space    used 8113K, committed 8896K, reserved 1048576K
}
Event: 1044.797 GC heap after
{Heap after GC invocations=759 (full 6):
 PSYoungGen      total 8192K, used 1008K [0x00000000d5580000, 0x00000000d6200000, 0x0000000100000000)
  eden space 7168K, 0% used [0x00000000d5580000,0x00000000d5580000,0x00000000d5c80000)
  from space 1024K, 98% used [0x00000000d6080000,0x00000000d617c010,0x00000000d6180000)
  to   space 512K, 0% used [0x00000000d6180000,0x00000000d6180000,0x00000000d6200000)
 ParOldGen       total 311296K, used 162874K [0x0000000080000000, 0x0000000093000000, 0x00000000d5580000)
  object space 311296K, 52% used [0x0000000080000000,0x0000000089f0eb28,0x0000000093000000)
 Metaspace       used 79399K, committed 81024K, reserved 1179648K
  class space    used 8113K, committed 8896K, reserved 1048576K
}
Event: 1046.478 GC heap before
{Heap before GC invocations=760 (full 6):
 PSYoungGen      total 8192K, used 8176K [0x00000000d5580000, 0x00000000d6200000, 0x0000000100000000)
  eden space 7168K, 100% used [0x00000000d5580000,0x00000000d5c80000,0x00000000d5c80000)
  from space 1024K, 98% used [0x00000000d6080000,0x00000000d617c010,0x00000000d6180000)
  to   space 512K, 0% used [0x00000000d6180000,0x00000000d6180000,0x00000000d6200000)
 ParOldGen       total 311296K, used 162874K [0x0000000080000000, 0x0000000093000000, 0x00000000d5580000)
  object space 311296K, 52% used [0x0000000080000000,0x0000000089f0eb28,0x0000000093000000)
 Metaspace       used 79412K, committed 81088K, reserved 1179648K
  class space    used 8113K, committed 8896K, reserved 1048576K
}
Event: 1046.485 GC heap after
{Heap after GC invocations=760 (full 6):
 PSYoungGen      total 7680K, used 496K [0x00000000d5580000, 0x00000000d6200000, 0x0000000100000000)
  eden space 7168K, 0% used [0x00000000d5580000,0x00000000d5580000,0x00000000d5c80000)
  from space 512K, 96% used [0x00000000d6180000,0x00000000d61fc010,0x00000000d6200000)
  to   space 1536K, 0% used [0x00000000d5f00000,0x00000000d5f00000,0x00000000d6080000)
 ParOldGen       total 311296K, used 163519K [0x0000000080000000, 0x0000000093000000, 0x00000000d5580000)
  object space 311296K, 52% used [0x0000000080000000,0x0000000089faffb8,0x0000000093000000)
 Metaspace       used 79412K, committed 81088K, reserved 1179648K
  class space    used 8113K, committed 8896K, reserved 1048576K
}
Event: 1047.403 GC heap before
{Heap before GC invocations=761 (full 6):
 PSYoungGen      total 7680K, used 7664K [0x00000000d5580000, 0x00000000d6200000, 0x0000000100000000)
  eden space 7168K, 100% used [0x00000000d5580000,0x00000000d5c80000,0x00000000d5c80000)
  from space 512K, 96% used [0x00000000d6180000,0x00000000d61fc010,0x00000000d6200000)
  to   space 1536K, 0% used [0x00000000d5f00000,0x00000000d5f00000,0x00000000d6080000)
 ParOldGen       total 311296K, used 163519K [0x0000000080000000, 0x0000000093000000, 0x00000000d5580000)
  object space 311296K, 52% used [0x0000000080000000,0x0000000089faffb8,0x0000000093000000)
 Metaspace       used 79422K, committed 81088K, reserved 1179648K
  class space    used 8113K, committed 8896K, reserved 1048576K
}
Event: 1047.409 GC heap after
{Heap after GC invocations=761 (full 6):
 PSYoungGen      total 8704K, used 896K [0x00000000d5580000, 0x00000000d6200000, 0x0000000100000000)
  eden space 7168K, 0% used [0x00000000d5580000,0x00000000d5580000,0x00000000d5c80000)
  from space 1536K, 58% used [0x00000000d5f00000,0x00000000d5fe0020,0x00000000d6080000)
  to   space 1024K, 0% used [0x00000000d6100000,0x00000000d6100000,0x00000000d6200000)
 ParOldGen       total 311296K, used 163559K [0x0000000080000000, 0x0000000093000000, 0x00000000d5580000)
  object space 311296K, 52% used [0x0000000080000000,0x0000000089fb9fb8,0x0000000093000000)
 Metaspace       used 79422K, committed 81088K, reserved 1179648K
  class space    used 8113K, committed 8896K, reserved 1048576K
}
Event: 1048.652 GC heap before
{Heap before GC invocations=762 (full 6):
 PSYoungGen      total 8704K, used 8064K [0x00000000d5580000, 0x00000000d6200000, 0x0000000100000000)
  eden space 7168K, 100% used [0x00000000d5580000,0x00000000d5c80000,0x00000000d5c80000)
  from space 1536K, 58% used [0x00000000d5f00000,0x00000000d5fe0020,0x00000000d6080000)
  to   space 1024K, 0% used [0x00000000d6100000,0x00000000d6100000,0x00000000d6200000)
 ParOldGen       total 311296K, used 163559K [0x0000000080000000, 0x0000000093000000, 0x00000000d5580000)
  object space 311296K, 52% used [0x0000000080000000,0x0000000089fb9fb8,0x0000000093000000)
 Metaspace       used 79433K, committed 81088K, reserved 1179648K
  class space    used 8113K, committed 8896K, reserved 1048576K
}
Event: 1048.658 GC heap after
{Heap after GC invocations=762 (full 6):
 PSYoungGen      total 8192K, used 1024K [0x00000000d5580000, 0x00000000d6200000, 0x0000000100000000)
  eden space 7168K, 0% used [0x00000000d5580000,0x00000000d5580000,0x00000000d5c80000)
  from space 1024K, 100% used [0x00000000d6100000,0x00000000d6200000,0x00000000d6200000)
  to   space 1536K, 0% used [0x00000000d5f00000,0x00000000d5f00000,0x00000000d6080000)
 ParOldGen       total 311296K, used 163567K [0x0000000080000000, 0x0000000093000000, 0x00000000d5580000)
  object space 311296K, 52% used [0x0000000080000000,0x0000000089fbbfb8,0x0000000093000000)
 Metaspace       used 79433K, committed 81088K, reserved 1179648K
  class space    used 8113K, committed 8896K, reserved 1048576K
}
Event: 1050.574 GC heap before
{Heap before GC invocations=763 (full 6):
 PSYoungGen      total 8192K, used 8192K [0x00000000d5580000, 0x00000000d6200000, 0x0000000100000000)
  eden space 7168K, 100% used [0x00000000d5580000,0x00000000d5c80000,0x00000000d5c80000)
  from space 1024K, 100% used [0x00000000d6100000,0x00000000d6200000,0x00000000d6200000)
  to   space 1536K, 0% used [0x00000000d5f00000,0x00000000d5f00000,0x00000000d6080000)
 ParOldGen       total 311296K, used 163567K [0x0000000080000000, 0x0000000093000000, 0x00000000d5580000)
  object space 311296K, 52% used [0x0000000080000000,0x0000000089fbbfb8,0x0000000093000000)
 Metaspace       used 79435K, committed 81088K, reserved 1179648K
  class space    used 8113K, committed 8896K, reserved 1048576K
}
Event: 1050.580 GC heap after
{Heap after GC invocations=763 (full 6):
 PSYoungGen      total 8704K, used 1168K [0x00000000d5580000, 0x00000000d6180000, 0x0000000100000000)
  eden space 7168K, 0% used [0x00000000d5580000,0x00000000d5580000,0x00000000d5c80000)
  from space 1536K, 76% used [0x00000000d5f00000,0x00000000d6024010,0x00000000d6080000)
  to   space 1024K, 0% used [0x00000000d6080000,0x00000000d6080000,0x00000000d6180000)
 ParOldGen       total 311296K, used 163567K [0x0000000080000000, 0x0000000093000000, 0x00000000d5580000)
  object space 311296K, 52% used [0x0000000080000000,0x0000000089fbbfb8,0x0000000093000000)
 Metaspace       used 79435K, committed 81088K, reserved 1179648K
  class space    used 8113K, committed 8896K, reserved 1048576K
}

