# JRE version: OpenJDK Runtime Environment Temurin-21.0.12.1+1 (21.0.12.1+1) (build 21.0.12.1+1-LTS)
# Java VM: OpenJDK 64-Bit Server VM Temurin-21.0.12.1+1 (21.0.12.1+1-LTS, mixed mode, sharing, tiered, compressed oops, compressed class ptrs, parallel gc, windows-amd64)
GC Precious Log:
 CardTable entry size: 512
 CPUs: 4 total, 4 available
 Memory: 3956M
 Large Page Support: Disabled
 NUMA Support: Disabled
 Compressed Oops: Enabled (32-bit)
 Alignments: Space 512K, Generation 512K, Heap 2M
 Heap Min Capacity: 100M
 Heap Initial Capacity: 100M
 Heap Max Capacity: 2G
 Pre-touch: Disabled
 Parallel Workers: 4
Heap:
 PSYoungGen      total 16896K, used 11011K [0x00000000d5580000, 0x00000000d6a00000, 0x0000000100000000)
  eden space 14848K, 71% used [0x00000000d5580000,0x00000000d5fe4d00,0x00000000d6400000)
  from space 2048K, 17% used [0x00000000d6680000,0x00000000d66dc030,0x00000000d6880000)
  to   space 1024K, 0% used [0x00000000d6900000,0x00000000d6900000,0x00000000d6a00000)
 ParOldGen       total 68608K, used 60793K [0x0000000080000000, 0x0000000084300000, 0x00000000d5580000)
  object space 68608K, 88% used [0x0000000080000000,0x0000000083b5e708,0x0000000084300000)
 Metaspace       used 66257K, committed 67648K, reserved 1114112K
  class space    used 7020K, committed 7616K, reserved 1048576K
GC Heap History (20 events):
Event: 93.117 GC heap before
{Heap before GC invocations=37 (full 3):
 PSYoungGen      total 23552K, used 23431K [0x00000000d5580000, 0x00000000d6f00000, 0x0000000100000000)
  eden space 20992K, 100% used [0x00000000d5580000,0x00000000d6a00000,0x00000000d6a00000)
  from space 2560K, 95% used [0x00000000d6a00000,0x00000000d6c61f00,0x00000000d6c80000)
  to   space 2560K, 0% used [0x00000000d6c80000,0x00000000d6c80000,0x00000000d6f00000)
 ParOldGen       total 68608K, used 42475K [0x0000000080000000, 0x0000000084300000, 0x00000000d5580000)
  object space 68608K, 61% used [0x0000000080000000,0x000000008297ac80,0x0000000084300000)
 Metaspace       used 60791K, committed 62144K, reserved 1114112K
  class space    used 6524K, committed 7104K, reserved 1048576K
}
Event: 93.137 GC heap after
{Heap after GC invocations=37 (full 3):
 PSYoungGen      total 17408K, used 2530K [0x00000000d5580000, 0x00000000d7b00000, 0x0000000100000000)
  eden space 14848K, 0% used [0x00000000d5580000,0x00000000d5580000,0x00000000d6400000)
  from space 2560K, 98% used [0x00000000d6c80000,0x00000000d6ef88a8,0x00000000d6f00000)
  to   space 8704K, 0% used [0x00000000d6400000,0x00000000d6400000,0x00000000d6c80000)
 ParOldGen       total 68608K, used 47507K [0x0000000080000000, 0x0000000084300000, 0x00000000d5580000)
  object space 68608K, 69% used [0x0000000080000000,0x0000000082e64f10,0x0000000084300000)
 Metaspace       used 60791K, committed 62144K, reserved 1114112K
  class space    used 6524K, committed 7104K, reserved 1048576K
}
Event: 96.720 GC heap before
{Heap before GC invocations=38 (full 3):
 PSYoungGen      total 17408K, used 17378K [0x00000000d5580000, 0x00000000d7b00000, 0x0000000100000000)
  eden space 14848K, 100% used [0x00000000d5580000,0x00000000d6400000,0x00000000d6400000)
  from space 2560K, 98% used [0x00000000d6c80000,0x00000000d6ef88a8,0x00000000d6f00000)
  to   space 8704K, 0% used [0x00000000d6400000,0x00000000d6400000,0x00000000d6c80000)
 ParOldGen       total 68608K, used 47507K [0x0000000080000000, 0x0000000084300000, 0x00000000d5580000)
  object space 68608K, 69% used [0x0000000080000000,0x0000000082e64f10,0x0000000084300000)
 Metaspace       used 61475K, committed 62912K, reserved 1114112K
  class space    used 6578K, committed 7232K, reserved 1048576K
}
Event: 96.748 GC heap after
{Heap after GC invocations=38 (full 3):
 PSYoungGen      total 20480K, used 5160K [0x00000000d5580000, 0x00000000d7000000, 0x0000000100000000)
  eden space 14848K, 0% used [0x00000000d5580000,0x00000000d5580000,0x00000000d6400000)
  from space 5632K, 91% used [0x00000000d6400000,0x00000000d690a048,0x00000000d6980000)
  to   space 6144K, 0% used [0x00000000d6a00000,0x00000000d6a00000,0x00000000d7000000)
 ParOldGen       total 68608K, used 49864K [0x0000000080000000, 0x0000000084300000, 0x00000000d5580000)
  object space 68608K, 72% used [0x0000000080000000,0x00000000830b22a8,0x0000000084300000)
 Metaspace       used 61475K, committed 62912K, reserved 1114112K
  class space    used 6578K, committed 7232K, reserved 1048576K
}
Event: 101.770 GC heap before
{Heap before GC invocations=39 (full 3):
 PSYoungGen      total 20480K, used 20008K [0x00000000d5580000, 0x00000000d7000000, 0x0000000100000000)
  eden space 14848K, 100% used [0x00000000d5580000,0x00000000d6400000,0x00000000d6400000)
  from space 5632K, 91% used [0x00000000d6400000,0x00000000d690a048,0x00000000d6980000)
  to   space 6144K, 0% used [0x00000000d6a00000,0x00000000d6a00000,0x00000000d7000000)
 ParOldGen       total 68608K, used 49864K [0x0000000080000000, 0x0000000084300000, 0x00000000d5580000)
  object space 68608K, 72% used [0x0000000080000000,0x00000000830b22a8,0x0000000084300000)
 Metaspace       used 62223K, committed 63616K, reserved 1114112K
  class space    used 6640K, committed 7232K, reserved 1048576K
}
Event: 101.784 GC heap after
{Heap after GC invocations=39 (full 3):
 PSYoungGen      total 17408K, used 2150K [0x00000000d5580000, 0x00000000d6c80000, 0x0000000100000000)
  eden space 14848K, 0% used [0x00000000d5580000,0x00000000d5580000,0x00000000d6400000)
  from space 2560K, 84% used [0x00000000d6a00000,0x00000000d6c19b50,0x00000000d6c80000)
  to   space 3584K, 0% used [0x00000000d6580000,0x00000000d6580000,0x00000000d6900000)
 ParOldGen       total 68608K, used 53248K [0x0000000080000000, 0x0000000084300000, 0x00000000d5580000)
  object space 68608K, 77% used [0x0000000080000000,0x00000000834001d8,0x0000000084300000)
 Metaspace       used 62223K, committed 63616K, reserved 1114112K
  class space    used 6640K, committed 7232K, reserved 1048576K
}
Event: 105.428 GC heap before
{Heap before GC invocations=40 (full 3):
 PSYoungGen      total 17408K, used 16998K [0x00000000d5580000, 0x00000000d6c80000, 0x0000000100000000)
  eden space 14848K, 100% used [0x00000000d5580000,0x00000000d6400000,0x00000000d6400000)
  from space 2560K, 84% used [0x00000000d6a00000,0x00000000d6c19b50,0x00000000d6c80000)
  to   space 3584K, 0% used [0x00000000d6580000,0x00000000d6580000,0x00000000d6900000)
 ParOldGen       total 68608K, used 53248K [0x0000000080000000, 0x0000000084300000, 0x00000000d5580000)
  object space 68608K, 77% used [0x0000000080000000,0x00000000834001d8,0x0000000084300000)
 Metaspace       used 62821K, committed 64192K, reserved 1114112K
  class space    used 6686K, committed 7296K, reserved 1048576K
}
Event: 105.450 GC heap after
{Heap after GC invocations=40 (full 3):
 PSYoungGen      total 18432K, used 3573K [0x00000000d5580000, 0x00000000d7100000, 0x0000000100000000)
  eden space 14848K, 0% used [0x00000000d5580000,0x00000000d5580000,0x00000000d6400000)
  from space 3584K, 99% used [0x00000000d6580000,0x00000000d68fd4b0,0x00000000d6900000)
  to   space 6656K, 0% used [0x00000000d6a80000,0x00000000d6a80000,0x00000000d7100000)
 ParOldGen       total 68608K, used 55510K [0x0000000080000000, 0x0000000084300000, 0x00000000d5580000)
  object space 68608K, 80% used [0x0000000080000000,0x0000000083635810,0x0000000084300000)
 Metaspace       used 62821K, committed 64192K, reserved 1114112K
  class space    used 6686K, committed 7296K, reserved 1048576K
}
Event: 108.885 GC heap before
{Heap before GC invocations=41 (full 3):
 PSYoungGen      total 18432K, used 18421K [0x00000000d5580000, 0x00000000d7100000, 0x0000000100000000)
  eden space 14848K, 100% used [0x00000000d5580000,0x00000000d6400000,0x00000000d6400000)
  from space 3584K, 99% used [0x00000000d6580000,0x00000000d68fd4b0,0x00000000d6900000)
  to   space 6656K, 0% used [0x00000000d6a80000,0x00000000d6a80000,0x00000000d7100000)
 ParOldGen       total 68608K, used 55510K [0x0000000080000000, 0x0000000084300000, 0x00000000d5580000)
  object space 68608K, 80% used [0x0000000080000000,0x0000000083635810,0x0000000084300000)
 Metaspace       used 63611K, committed 64960K, reserved 1114112K
  class space    used 6755K, committed 7360K, reserved 1048576K
}
Event: 108.895 GC heap after
{Heap after GC invocations=41 (full 3):
 PSYoungGen      total 16384K, used 1481K [0x00000000d5580000, 0x00000000d6c00000, 0x0000000100000000)
  eden space 14848K, 0% used [0x00000000d5580000,0x00000000d5580000,0x00000000d6400000)
  from space 1536K, 96% used [0x00000000d6a80000,0x00000000d6bf26c8,0x00000000d6c00000)
  to   space 3072K, 0% used [0x00000000d6600000,0x00000000d6600000,0x00000000d6900000)
 ParOldGen       total 68608K, used 56134K [0x0000000080000000, 0x0000000084300000, 0x00000000d5580000)
  object space 68608K, 81% used [0x0000000080000000,0x00000000836d1810,0x0000000084300000)
 Metaspace       used 63611K, committed 64960K, reserved 1114112K
  class space    used 6755K, committed 7360K, reserved 1048576K
}
Event: 113.044 GC heap before
{Heap before GC invocations=42 (full 3):
 PSYoungGen      total 16384K, used 16181K [0x00000000d5580000, 0x00000000d6c00000, 0x0000000100000000)
  eden space 14848K, 99% used [0x00000000d5580000,0x00000000d63daf80,0x00000000d6400000)
  from space 1536K, 96% used [0x00000000d6a80000,0x00000000d6bf26c8,0x00000000d6c00000)
  to   space 3072K, 0% used [0x00000000d6600000,0x00000000d6600000,0x00000000d6900000)
 ParOldGen       total 68608K, used 56134K [0x0000000080000000, 0x0000000084300000, 0x00000000d5580000)
  object space 68608K, 81% used [0x0000000080000000,0x00000000836d1810,0x0000000084300000)
 Metaspace       used 64780K, committed 66176K, reserved 1114112K
  class space    used 6891K, committed 7488K, reserved 1048576K
}
Event: 113.056 GC heap after
{Heap after GC invocations=42 (full 3):
 PSYoungGen      total 17920K, used 544K [0x00000000d5580000, 0x00000000d6b00000, 0x0000000100000000)
  eden space 14848K, 0% used [0x00000000d5580000,0x00000000d5580000,0x00000000d6400000)
  from space 3072K, 17% used [0x00000000d6600000,0x00000000d6688000,0x00000000d6900000)
  to   space 1536K, 0% used [0x00000000d6980000,0x00000000d6980000,0x00000000d6b00000)
 ParOldGen       total 68608K, used 56542K [0x0000000080000000, 0x0000000084300000, 0x00000000d5580000)
  object space 68608K, 82% used [0x0000000080000000,0x0000000083737820,0x0000000084300000)
 Metaspace       used 64780K, committed 66176K, reserved 1114112K
  class space    used 6891K, committed 7488K, reserved 1048576K
}
Event: 291.220 GC heap before
{Heap before GC invocations=43 (full 3):
 PSYoungGen      total 17920K, used 15392K [0x00000000d5580000, 0x00000000d6b00000, 0x0000000100000000)
  eden space 14848K, 100% used [0x00000000d5580000,0x00000000d6400000,0x00000000d6400000)
  from space 3072K, 17% used [0x00000000d6600000,0x00000000d6688000,0x00000000d6900000)
  to   space 1536K, 0% used [0x00000000d6980000,0x00000000d6980000,0x00000000d6b00000)
 ParOldGen       total 68608K, used 56542K [0x0000000080000000, 0x0000000084300000, 0x00000000d5580000)
  object space 68608K, 82% used [0x0000000080000000,0x0000000083737820,0x0000000084300000)
 Metaspace       used 64849K, committed 66240K, reserved 1114112K
  class space    used 6891K, committed 7488K, reserved 1048576K
}
Event: 291.228 GC heap after
{Heap after GC invocations=43 (full 3):
 PSYoungGen      total 15872K, used 640K [0x00000000d5580000, 0x00000000d6a80000, 0x0000000100000000)
  eden space 14848K, 0% used [0x00000000d5580000,0x00000000d5580000,0x00000000d6400000)
  from space 1024K, 62% used [0x00000000d6980000,0x00000000d6a20020,0x00000000d6a80000)
  to   space 1024K, 0% used [0x00000000d6880000,0x00000000d6880000,0x00000000d6980000)
 ParOldGen       total 68608K, used 56718K [0x0000000080000000, 0x0000000084300000, 0x00000000d5580000)
  object space 68608K, 82% used [0x0000000080000000,0x0000000083763820,0x0000000084300000)
 Metaspace       used 64849K, committed 66240K, reserved 1114112K
  class space    used 6891K, committed 7488K, reserved 1048576K
}
Event: 292.120 GC heap before
{Heap before GC invocations=44 (full 3):
 PSYoungGen      total 15872K, used 15488K [0x00000000d5580000, 0x00000000d6a80000, 0x0000000100000000)
  eden space 14848K, 100% used [0x00000000d5580000,0x00000000d6400000,0x00000000d6400000)
  from space 1024K, 62% used [0x00000000d6980000,0x00000000d6a20020,0x00000000d6a80000)
  to   space 1024K, 0% used [0x00000000d6880000,0x00000000d6880000,0x00000000d6980000)
 ParOldGen       total 68608K, used 56718K [0x0000000080000000, 0x0000000084300000, 0x00000000d5580000)
  object space 68608K, 82% used [0x0000000080000000,0x0000000083763820,0x0000000084300000)
 Metaspace       used 64949K, committed 66368K, reserved 1114112K
  class space    used 6892K, committed 7488K, reserved 1048576K
}
Event: 292.136 GC heap after
{Heap after GC invocations=44 (full 3):
 PSYoungGen      total 15872K, used 999K [0x00000000d5580000, 0x00000000d6d00000, 0x0000000100000000)
  eden space 14848K, 0% used [0x00000000d5580000,0x00000000d5580000,0x00000000d6400000)
  from space 1024K, 97% used [0x00000000d6880000,0x00000000d6979db8,0x00000000d6980000)
  to   space 3584K, 0% used [0x00000000d6980000,0x00000000d6980000,0x00000000d6d00000)
 ParOldGen       total 68608K, used 59509K [0x0000000080000000, 0x0000000084300000, 0x00000000d5580000)
  object space 68608K, 86% used [0x0000000080000000,0x0000000083a1d5d8,0x0000000084300000)
 Metaspace       used 64949K, committed 66368K, reserved 1114112K
  class space    used 6892K, committed 7488K, reserved 1048576K
}
Event: 300.230 GC heap before
{Heap before GC invocations=45 (full 3):
 PSYoungGen      total 15872K, used 15847K [0x00000000d5580000, 0x00000000d6d00000, 0x0000000100000000)
  eden space 14848K, 99% used [0x00000000d5580000,0x00000000d63ffff0,0x00000000d6400000)
  from space 1024K, 97% used [0x00000000d6880000,0x00000000d6979db8,0x00000000d6980000)
  to   space 3584K, 0% used [0x00000000d6980000,0x00000000d6980000,0x00000000d6d00000)
 ParOldGen       total 68608K, used 59509K [0x0000000080000000, 0x0000000084300000, 0x00000000d5580000)
  object space 68608K, 86% used [0x0000000080000000,0x0000000083a1d5d8,0x0000000084300000)
 Metaspace       used 65736K, committed 67136K, reserved 1114112K
  class space    used 6976K, committed 7552K, reserved 1048576K
}
Event: 300.240 GC heap after
{Heap after GC invocations=45 (full 3):
 PSYoungGen      total 15872K, used 720K [0x00000000d5580000, 0x00000000d6a80000, 0x0000000100000000)
  eden space 14848K, 0% used [0x00000000d5580000,0x00000000d5580000,0x00000000d6400000)
  from space 1024K, 70% used [0x00000000d6980000,0x00000000d6a34030,0x00000000d6a80000)
  to   space 2048K, 0% used [0x00000000d6680000,0x00000000d6680000,0x00000000d6880000)
 ParOldGen       total 68608K, used 60212K [0x0000000080000000, 0x0000000084300000, 0x00000000d5580000)
  object space 68608K, 87% used [0x0000000080000000,0x0000000083acd390,0x0000000084300000)
 Metaspace       used 65736K, committed 67136K, reserved 1114112K
  class space    used 6976K, committed 7552K, reserved 1048576K
}
Event: 303.806 GC heap before
{Heap before GC invocations=46 (full 3):
 PSYoungGen      total 15872K, used 15568K [0x00000000d5580000, 0x00000000d6a80000, 0x0000000100000000)
  eden space 14848K, 100% used [0x00000000d5580000,0x00000000d6400000,0x00000000d6400000)
  from space 1024K, 70% used [0x00000000d6980000,0x00000000d6a34030,0x00000000d6a80000)
  to   space 2048K, 0% used [0x00000000d6680000,0x00000000d6680000,0x00000000d6880000)
 ParOldGen       total 68608K, used 60212K [0x0000000080000000, 0x0000000084300000, 0x00000000d5580000)
  object space 68608K, 87% used [0x0000000080000000,0x0000000083acd390,0x0000000084300000)
 Metaspace       used 65989K, committed 67392K, reserved 1114112K
  class space    used 7004K, committed 7616K, reserved 1048576K
}
Event: 303.816 GC heap after
{Heap after GC invocations=46 (full 3):
 PSYoungGen      total 16896K, used 368K [0x00000000d5580000, 0x00000000d6a00000, 0x0000000100000000)
  eden space 14848K, 0% used [0x00000000d5580000,0x00000000d5580000,0x00000000d6400000)
  from space 2048K, 17% used [0x00000000d6680000,0x00000000d66dc030,0x00000000d6880000)
  to   space 1024K, 0% used [0x00000000d6900000,0x00000000d6900000,0x00000000d6a00000)
 ParOldGen       total 68608K, used 60793K [0x0000000080000000, 0x0000000084300000, 0x00000000d5580000)
  object space 68608K, 88% used [0x0000000080000000,0x0000000083b5e708,0x0000000084300000)
 Metaspace       used 65989K, committed 67392K, reserved 1114112K
  class space    used 7004K, committed 7616K, reserved 1048576K
}

