# JRE version: OpenJDK Runtime Environment Temurin-21.0.12.1+1 (21.0.12.1+1) (build 21.0.12.1+1-LTS)
# Java VM: OpenJDK 64-Bit Server VM Temurin-21.0.12.1+1 (21.0.12.1+1-LTS, mixed mode, sharing, tiered, compressed oops, compressed class ptrs, parallel gc, windows-amd64)
GC Precious Log:
 CardTable entry size: 512
 CPUs: 4 total, 4 available
 Memory: 3956M
 Large Page Support: Disabled
 NUMA Support: Disabled
 Compressed Oops: Enabled (32-bit)
 Alignments: Space 512K, Generation 512K, Heap 2M
 Heap Min Capacity: 100M
 Heap Initial Capacity: 100M
 Heap Max Capacity: 2G
 Pre-touch: Disabled
 Parallel Workers: 4
Heap:
 PSYoungGen      total 19968K, used 6462K [0x00000000d5580000, 0x00000000d6b80000, 0x0000000100000000)
  eden space 18432K, 26% used [0x00000000d5580000,0x00000000d5a53e00,0x00000000d6780000)
  from space 1536K, 98% used [0x00000000d6a00000,0x00000000d6b7bbe8,0x00000000d6b80000)
  to   space 2048K, 0% used [0x00000000d6780000,0x00000000d6780000,0x00000000d6980000)
 ParOldGen       total 1398272K, used 52936K [0x0000000080000000, 0x00000000d5580000, 0x00000000d5580000)
  object space 1398272K, 3% used [0x0000000080000000,0x00000000833b2380,0x00000000d5580000)
 Metaspace       used 66231K, committed 67584K, reserved 1114112K
  class space    used 6943K, committed 7488K, reserved 1048576K
GC Heap History (20 events):
Event: 323.844 GC heap before
{Heap before GC invocations=46 (full 4):
 PSYoungGen      total 15872K, used 0K [0x00000000d5580000, 0x00000000d6600000, 0x0000000100000000)
  eden space 15360K, 0% used [0x00000000d5580000,0x00000000d5580000,0x00000000d6480000)
  from space 512K, 0% used [0x00000000d6500000,0x00000000d6500000,0x00000000d6580000)
  to   space 512K, 0% used [0x00000000d6480000,0x00000000d6480000,0x00000000d6500000)
 ParOldGen       total 71168K, used 43999K [0x0000000080000000, 0x0000000084580000, 0x00000000d5580000)
  object space 71168K, 61% used [0x0000000080000000,0x0000000082af7ff0,0x0000000084580000)
 Metaspace       used 63543K, committed 64896K, reserved 1114112K
  class space    used 6779K, committed 7360K, reserved 1048576K
}
Event: 323.846 GC heap after
{Heap after GC invocations=46 (full 4):
 PSYoungGen      total 15872K, used 0K [0x00000000d5580000, 0x00000000d6580000, 0x0000000100000000)
  eden space 15360K, 0% used [0x00000000d5580000,0x00000000d5580000,0x00000000d6480000)
  from space 512K, 0% used [0x00000000d6480000,0x00000000d6480000,0x00000000d6500000)
  to   space 512K, 0% used [0x00000000d6500000,0x00000000d6500000,0x00000000d6580000)
 ParOldGen       total 71168K, used 43999K [0x0000000080000000, 0x0000000084580000, 0x00000000d5580000)
  object space 71168K, 61% used [0x0000000080000000,0x0000000082af7ff0,0x0000000084580000)
 Metaspace       used 63543K, committed 64896K, reserved 1114112K
  class space    used 6779K, committed 7360K, reserved 1048576K
}
Event: 323.846 GC heap before
{Heap before GC invocations=47 (full 5):
 PSYoungGen      total 15872K, used 0K [0x00000000d5580000, 0x00000000d6580000, 0x0000000100000000)
  eden space 15360K, 0% used [0x00000000d5580000,0x00000000d5580000,0x00000000d6480000)
  from space 512K, 0% used [0x00000000d6480000,0x00000000d6480000,0x00000000d6500000)
  to   space 512K, 0% used [0x00000000d6500000,0x00000000d6500000,0x00000000d6580000)
 ParOldGen       total 71168K, used 43999K [0x0000000080000000, 0x0000000084580000, 0x00000000d5580000)
  object space 71168K, 61% used [0x0000000080000000,0x0000000082af7ff0,0x0000000084580000)
 Metaspace       used 63543K, committed 64896K, reserved 1114112K
  class space    used 6779K, committed 7360K, reserved 1048576K
}
Event: 324.908 GC heap after
{Heap after GC invocations=47 (full 5):
 PSYoungGen      total 15872K, used 0K [0x00000000d5580000, 0x00000000d6680000, 0x0000000100000000)
  eden space 15360K, 0% used [0x00000000d5580000,0x00000000d5580000,0x00000000d6480000)
  from space 512K, 0% used [0x00000000d6500000,0x00000000d6500000,0x00000000d6580000)
  to   space 512K, 0% used [0x00000000d6480000,0x00000000d6480000,0x00000000d6500000)
 ParOldGen       total 86016K, used 40005K [0x0000000080000000, 0x0000000085400000, 0x00000000d5580000)
  object space 86016K, 46% used [0x0000000080000000,0x0000000082711760,0x0000000085400000)
 Metaspace       used 63246K, committed 64896K, reserved 1114112K
  class space    used 6698K, committed 7360K, reserved 1048576K
}
Event: 344.117 GC heap before
{Heap before GC invocations=48 (full 5):
 PSYoungGen      total 15872K, used 15360K [0x00000000d5580000, 0x00000000d6680000, 0x0000000100000000)
  eden space 15360K, 100% used [0x00000000d5580000,0x00000000d6480000,0x00000000d6480000)
  from space 512K, 0% used [0x00000000d6500000,0x00000000d6500000,0x00000000d6580000)
  to   space 512K, 0% used [0x00000000d6480000,0x00000000d6480000,0x00000000d6500000)
 ParOldGen       total 1398272K, used 40005K [0x0000000080000000, 0x00000000d5580000, 0x00000000d5580000)
  object space 1398272K, 2% used [0x0000000080000000,0x0000000082711760,0x00000000d5580000)
 Metaspace       used 63715K, committed 65152K, reserved 1114112K
  class space    used 6731K, committed 7360K, reserved 1048576K
}
Event: 344.124 GC heap after
{Heap after GC invocations=48 (full 5):
 PSYoungGen      total 15872K, used 497K [0x00000000d5580000, 0x00000000d6a80000, 0x0000000100000000)
  eden space 15360K, 0% used [0x00000000d5580000,0x00000000d5580000,0x00000000d6480000)
  from space 512K, 97% used [0x00000000d6480000,0x00000000d64fc428,0x00000000d6500000)
  to   space 2560K, 0% used [0x00000000d6800000,0x00000000d6800000,0x00000000d6a80000)
 ParOldGen       total 1398272K, used 41301K [0x0000000080000000, 0x00000000d5580000, 0x00000000d5580000)
  object space 1398272K, 2% used [0x0000000080000000,0x00000000828557c0,0x00000000d5580000)
 Metaspace       used 63715K, committed 65152K, reserved 1114112K
  class space    used 6731K, committed 7360K, reserved 1048576K
}
Event: 349.055 GC heap before
{Heap before GC invocations=49 (full 5):
 PSYoungGen      total 15872K, used 15853K [0x00000000d5580000, 0x00000000d6a80000, 0x0000000100000000)
  eden space 15360K, 99% used [0x00000000d5580000,0x00000000d647f018,0x00000000d6480000)
  from space 512K, 97% used [0x00000000d6480000,0x00000000d64fc428,0x00000000d6500000)
  to   space 2560K, 0% used [0x00000000d6800000,0x00000000d6800000,0x00000000d6a80000)
 ParOldGen       total 1398272K, used 41301K [0x0000000080000000, 0x00000000d5580000, 0x00000000d5580000)
  object space 1398272K, 2% used [0x0000000080000000,0x00000000828557c0,0x00000000d5580000)
 Metaspace       used 63919K, committed 65344K, reserved 1114112K
  class space    used 6740K, committed 7360K, reserved 1048576K
}
Event: 349.064 GC heap after
{Heap after GC invocations=49 (full 5):
 PSYoungGen      total 18432K, used 1583K [0x00000000d5580000, 0x00000000d6a00000, 0x0000000100000000)
  eden space 16384K, 0% used [0x00000000d5580000,0x00000000d5580000,0x00000000d6580000)
  from space 2048K, 77% used [0x00000000d6800000,0x00000000d698bcf8,0x00000000d6a00000)
  to   space 2048K, 0% used [0x00000000d6600000,0x00000000d6600000,0x00000000d6800000)
 ParOldGen       total 1398272K, used 41802K [0x0000000080000000, 0x00000000d5580000, 0x00000000d5580000)
  object space 1398272K, 2% used [0x0000000080000000,0x00000000828d29f8,0x00000000d5580000)
 Metaspace       used 63919K, committed 65344K, reserved 1114112K
  class space    used 6740K, committed 7360K, reserved 1048576K
}
Event: 352.836 GC heap before
{Heap before GC invocations=50 (full 5):
 PSYoungGen      total 18432K, used 17967K [0x00000000d5580000, 0x00000000d6a00000, 0x0000000100000000)
  eden space 16384K, 100% used [0x00000000d5580000,0x00000000d6580000,0x00000000d6580000)
  from space 2048K, 77% used [0x00000000d6800000,0x00000000d698bcf8,0x00000000d6a00000)
  to   space 2048K, 0% used [0x00000000d6600000,0x00000000d6600000,0x00000000d6800000)
 ParOldGen       total 1398272K, used 41802K [0x0000000080000000, 0x00000000d5580000, 0x00000000d5580000)
  object space 1398272K, 2% used [0x0000000080000000,0x00000000828d29f8,0x00000000d5580000)
 Metaspace       used 64067K, committed 65408K, reserved 1114112K
  class space    used 6746K, committed 7360K, reserved 1048576K
}
Event: 352.850 GC heap after
{Heap after GC invocations=50 (full 5):
 PSYoungGen      total 18944K, used 2041K [0x00000000d5580000, 0x00000000d6f80000, 0x0000000100000000)
  eden space 16896K, 0% used [0x00000000d5580000,0x00000000d5580000,0x00000000d6600000)
  from space 2048K, 99% used [0x00000000d6600000,0x00000000d67fe510,0x00000000d6800000)
  to   space 4608K, 0% used [0x00000000d6b00000,0x00000000d6b00000,0x00000000d6f80000)
 ParOldGen       total 1398272K, used 43639K [0x0000000080000000, 0x00000000d5580000, 0x00000000d5580000)
  object space 1398272K, 3% used [0x0000000080000000,0x0000000082a9dd68,0x00000000d5580000)
 Metaspace       used 64067K, committed 65408K, reserved 1114112K
  class space    used 6746K, committed 7360K, reserved 1048576K
}
Event: 360.613 GC heap before
{Heap before GC invocations=51 (full 5):
 PSYoungGen      total 18944K, used 18937K [0x00000000d5580000, 0x00000000d6f80000, 0x0000000100000000)
  eden space 16896K, 100% used [0x00000000d5580000,0x00000000d6600000,0x00000000d6600000)
  from space 2048K, 99% used [0x00000000d6600000,0x00000000d67fe510,0x00000000d6800000)
  to   space 4608K, 0% used [0x00000000d6b00000,0x00000000d6b00000,0x00000000d6f80000)
 ParOldGen       total 1398272K, used 43639K [0x0000000080000000, 0x00000000d5580000, 0x00000000d5580000)
  object space 1398272K, 3% used [0x0000000080000000,0x0000000082a9dd68,0x00000000d5580000)
 Metaspace       used 64439K, committed 65664K, reserved 1114112K
  class space    used 6778K, committed 7360K, reserved 1048576K
}
Event: 360.627 GC heap after
{Heap after GC invocations=51 (full 5):
 PSYoungGen      total 18432K, used 1008K [0x00000000d5580000, 0x00000000d6c00000, 0x0000000100000000)
  eden space 17408K, 0% used [0x00000000d5580000,0x00000000d5580000,0x00000000d6680000)
  from space 1024K, 98% used [0x00000000d6b00000,0x00000000d6bfc010,0x00000000d6c00000)
  to   space 2048K, 0% used [0x00000000d6800000,0x00000000d6800000,0x00000000d6a00000)
 ParOldGen       total 1398272K, used 45693K [0x0000000080000000, 0x00000000d5580000, 0x00000000d5580000)
  object space 1398272K, 3% used [0x0000000080000000,0x0000000082c9f560,0x00000000d5580000)
 Metaspace       used 64439K, committed 65664K, reserved 1114112K
  class space    used 6778K, committed 7360K, reserved 1048576K
}
Event: 366.095 GC heap before
{Heap before GC invocations=52 (full 5):
 PSYoungGen      total 18432K, used 18416K [0x00000000d5580000, 0x00000000d6c00000, 0x0000000100000000)
  eden space 17408K, 100% used [0x00000000d5580000,0x00000000d6680000,0x00000000d6680000)
  from space 1024K, 98% used [0x00000000d6b00000,0x00000000d6bfc010,0x00000000d6c00000)
  to   space 2048K, 0% used [0x00000000d6800000,0x00000000d6800000,0x00000000d6a00000)
 ParOldGen       total 1398272K, used 45693K [0x0000000080000000, 0x00000000d5580000, 0x00000000d5580000)
  object space 1398272K, 3% used [0x0000000080000000,0x0000000082c9f560,0x00000000d5580000)
 Metaspace       used 65748K, committed 67136K, reserved 1114112K
  class space    used 6928K, committed 7488K, reserved 1048576K
}
Event: 366.103 GC heap after
{Heap after GC invocations=52 (full 5):
 PSYoungGen      total 19968K, used 1749K [0x00000000d5580000, 0x00000000d6b80000, 0x0000000100000000)
  eden space 17920K, 0% used [0x00000000d5580000,0x00000000d5580000,0x00000000d6700000)
  from space 2048K, 85% used [0x00000000d6800000,0x00000000d69b5488,0x00000000d6a00000)
  to   space 1536K, 0% used [0x00000000d6a00000,0x00000000d6a00000,0x00000000d6b80000)
 ParOldGen       total 1398272K, used 45701K [0x0000000080000000, 0x00000000d5580000, 0x00000000d5580000)
  object space 1398272K, 3% used [0x0000000080000000,0x0000000082ca1560,0x00000000d5580000)
 Metaspace       used 65748K, committed 67136K, reserved 1114112K
  class space    used 6928K, committed 7488K, reserved 1048576K
}
Event: 375.705 GC heap before
{Heap before GC invocations=53 (full 5):
 PSYoungGen      total 19968K, used 19669K [0x00000000d5580000, 0x00000000d6b80000, 0x0000000100000000)
  eden space 17920K, 100% used [0x00000000d5580000,0x00000000d6700000,0x00000000d6700000)
  from space 2048K, 85% used [0x00000000d6800000,0x00000000d69b5488,0x00000000d6a00000)
  to   space 1536K, 0% used [0x00000000d6a00000,0x00000000d6a00000,0x00000000d6b80000)
 ParOldGen       total 1398272K, used 45701K [0x0000000080000000, 0x00000000d5580000, 0x00000000d5580000)
  object space 1398272K, 3% used [0x0000000080000000,0x0000000082ca1560,0x00000000d5580000)
 Metaspace       used 66064K, committed 67456K, reserved 1114112K
  class space    used 6934K, committed 7488K, reserved 1048576K
}
Event: 375.719 GC heap after
{Heap after GC invocations=53 (full 5):
 PSYoungGen      total 19968K, used 1525K [0x00000000d5580000, 0x00000000d6b80000, 0x0000000100000000)
  eden space 18432K, 0% used [0x00000000d5580000,0x00000000d5580000,0x00000000d6780000)
  from space 1536K, 99% used [0x00000000d6a00000,0x00000000d6b7d468,0x00000000d6b80000)
  to   space 2048K, 0% used [0x00000000d6780000,0x00000000d6780000,0x00000000d6980000)
 ParOldGen       total 1398272K, used 45885K [0x0000000080000000, 0x00000000d5580000, 0x00000000d5580000)
  object space 1398272K, 3% used [0x0000000080000000,0x0000000082ccf580,0x00000000d5580000)
 Metaspace       used 66064K, committed 67456K, reserved 1114112K
  class space    used 6934K, committed 7488K, reserved 1048576K
}
Event: 379.942 GC heap before
{Heap before GC invocations=54 (full 5):
 PSYoungGen      total 19968K, used 19957K [0x00000000d5580000, 0x00000000d6b80000, 0x0000000100000000)
  eden space 18432K, 100% used [0x00000000d5580000,0x00000000d6780000,0x00000000d6780000)
  from space 1536K, 99% used [0x00000000d6a00000,0x00000000d6b7d468,0x00000000d6b80000)
  to   space 2048K, 0% used [0x00000000d6780000,0x00000000d6780000,0x00000000d6980000)
 ParOldGen       total 1398272K, used 45885K [0x0000000080000000, 0x00000000d5580000, 0x00000000d5580000)
  object space 1398272K, 3% used [0x0000000080000000,0x0000000082ccf580,0x00000000d5580000)
 Metaspace       used 66140K, committed 67520K, reserved 1114112K
  class space    used 6941K, committed 7488K, reserved 1048576K
}
Event: 379.954 GC heap after
{Heap after GC invocations=54 (full 5):
 PSYoungGen      total 20480K, used 2031K [0x00000000d5580000, 0x00000000d6b80000, 0x0000000100000000)
  eden space 18432K, 0% used [0x00000000d5580000,0x00000000d5580000,0x00000000d6780000)
  from space 2048K, 99% used [0x00000000d6780000,0x00000000d697bc00,0x00000000d6980000)
  to   space 1536K, 0% used [0x00000000d6a00000,0x00000000d6a00000,0x00000000d6b80000)
 ParOldGen       total 1398272K, used 48498K [0x0000000080000000, 0x00000000d5580000, 0x00000000d5580000)
  object space 1398272K, 3% used [0x0000000080000000,0x0000000082f5c8e8,0x00000000d5580000)
 Metaspace       used 66140K, committed 67520K, reserved 1114112K
  class space    used 6941K, committed 7488K, reserved 1048576K
}
Event: 380.839 GC heap before
{Heap before GC invocations=55 (full 5):
 PSYoungGen      total 20480K, used 20463K [0x00000000d5580000, 0x00000000d6b80000, 0x0000000100000000)
  eden space 18432K, 100% used [0x00000000d5580000,0x00000000d6780000,0x00000000d6780000)
  from space 2048K, 99% used [0x00000000d6780000,0x00000000d697bc00,0x00000000d6980000)
  to   space 1536K, 0% used [0x00000000d6a00000,0x00000000d6a00000,0x00000000d6b80000)
 ParOldGen       total 1398272K, used 48498K [0x0000000080000000, 0x00000000d5580000, 0x00000000d5580000)
  object space 1398272K, 3% used [0x0000000080000000,0x0000000082f5c8e8,0x00000000d5580000)
 Metaspace       used 66189K, committed 67520K, reserved 1114112K
  class space    used 6943K, committed 7488K, reserved 1048576K
}
Event: 380.854 GC heap after
{Heap after GC invocations=55 (full 5):
 PSYoungGen      total 19968K, used 1518K [0x00000000d5580000, 0x00000000d6b80000, 0x0000000100000000)
  eden space 18432K, 0% used [0x00000000d5580000,0x00000000d5580000,0x00000000d6780000)
  from space 1536K, 98% used [0x00000000d6a00000,0x00000000d6b7bbe8,0x00000000d6b80000)
  to   space 2048K, 0% used [0x00000000d6780000,0x00000000d6780000,0x00000000d6980000)
 ParOldGen       total 1398272K, used 52936K [0x0000000080000000, 0x00000000d5580000, 0x00000000d5580000)
  object space 1398272K, 3% used [0x0000000080000000,0x00000000833b2380,0x00000000d5580000)
 Metaspace       used 66189K, committed 67520K, reserved 1114112K
  class space    used 6943K, committed 7488K, reserved 1048576K
}

