# JRE version: OpenJDK Runtime Environment Temurin-21.0.12.1+1 (21.0.12.1+1) (build 21.0.12.1+1-LTS)
# Java VM: OpenJDK 64-Bit Server VM Temurin-21.0.12.1+1 (21.0.12.1+1-LTS, mixed mode, sharing, tiered, compressed oops, compressed class ptrs, parallel gc, windows-amd64)
GC Precious Log:
 CardTable entry size: 512
 CPUs: 4 total, 4 available
 Memory: 3956M
 Large Page Support: Disabled
 NUMA Support: Disabled
 Compressed Oops: Enabled (32-bit)
 Alignments: Space 512K, Generation 512K, Heap 2M
 Heap Min Capacity: 100M
 Heap Initial Capacity: 100M
 Heap Max Capacity: 2G
 Pre-touch: Disabled
 Parallel Workers: 4
Heap:
 PSYoungGen      total 1536K, used 879K [0x00000000d5580000, 0x00000000d5980000, 0x0000000100000000)
  eden space 1024K, 68% used [0x00000000d5580000,0x00000000d562feb0,0x00000000d5680000)
  from space 512K, 34% used [0x00000000d5900000,0x00000000d592c010,0x00000000d5980000)
  to   space 512K, 0% used [0x00000000d5880000,0x00000000d5880000,0x00000000d5900000)
 ParOldGen       total 429056K, used 428820K [0x0000000080000000, 0x000000009a300000, 0x00000000d5580000)
  object space 429056K, 99% used [0x0000000080000000,0x000000009a2c5220,0x000000009a300000)
 Metaspace       used 73110K, committed 74688K, reserved 1179648K
  class space    used 7940K, committed 8640K, reserved 1048576K
GC Heap History (20 events):
Event: 479.873 GC heap before
{Heap before GC invocations=1071 (full 6):
 PSYoungGen      total 1536K, used 1311K [0x00000000d5580000, 0x00000000d5980000, 0x0000000100000000)
  eden space 1024K, 99% used [0x00000000d5580000,0x00000000d567ffd8,0x00000000d5680000)
  from space 512K, 56% used [0x00000000d5900000,0x00000000d5948000,0x00000000d5980000)
  to   space 1024K, 0% used [0x00000000d5780000,0x00000000d5780000,0x00000000d5880000)
 ParOldGen       total 427520K, used 427379K [0x0000000080000000, 0x000000009a180000, 0x00000000d5580000)
  object space 427520K, 99% used [0x0000000080000000,0x000000009a15ccc0,0x000000009a180000)
 Metaspace       used 73037K, committed 74624K, reserved 1179648K
  class space    used 7938K, committed 8640K, reserved 1048576K
}
Event: 479.881 GC heap after
{Heap after GC invocations=1071 (full 6):
 PSYoungGen      total 2048K, used 304K [0x00000000d5580000, 0x00000000d5980000, 0x0000000100000000)
  eden space 1024K, 0% used [0x00000000d5580000,0x00000000d5580000,0x00000000d5680000)
  from space 1024K, 29% used [0x00000000d5780000,0x00000000d57cc010,0x00000000d5880000)
  to   space 512K, 0% used [0x00000000d5900000,0x00000000d5900000,0x00000000d5980000)
 ParOldGen       total 428032K, used 427573K [0x0000000080000000, 0x000000009a200000, 0x00000000d5580000)
  object space 428032K, 99% used [0x0000000080000000,0x000000009a18d6c0,0x000000009a200000)
 Metaspace       used 73037K, committed 74624K, reserved 1179648K
  class space    used 7938K, committed 8640K, reserved 1048576K
}
Event: 479.925 GC heap before
{Heap before GC invocations=1072 (full 6):
 PSYoungGen      total 2048K, used 1320K [0x00000000d5580000, 0x00000000d5980000, 0x0000000100000000)
  eden space 1024K, 99% used [0x00000000d5580000,0x00000000d567e1f8,0x00000000d5680000)
  from space 1024K, 29% used [0x00000000d5780000,0x00000000d57cc010,0x00000000d5880000)
  to   space 512K, 0% used [0x00000000d5900000,0x00000000d5900000,0x00000000d5980000)
 ParOldGen       total 428032K, used 427573K [0x0000000080000000, 0x000000009a200000, 0x00000000d5580000)
  object space 428032K, 99% used [0x0000000080000000,0x000000009a18d6c0,0x000000009a200000)
 Metaspace       used 73039K, committed 74624K, reserved 1179648K
  class space    used 7938K, committed 8640K, reserved 1048576K
}
Event: 479.936 GC heap after
{Heap after GC invocations=1072 (full 6):
 PSYoungGen      total 1536K, used 272K [0x00000000d5580000, 0x00000000d5980000, 0x0000000100000000)
  eden space 1024K, 0% used [0x00000000d5580000,0x00000000d5580000,0x00000000d5680000)
  from space 512K, 53% used [0x00000000d5900000,0x00000000d5944010,0x00000000d5980000)
  to   space 512K, 0% used [0x00000000d5880000,0x00000000d5880000,0x00000000d5900000)
 ParOldGen       total 428032K, used 427738K [0x0000000080000000, 0x000000009a200000, 0x00000000d5580000)
  object space 428032K, 99% used [0x0000000080000000,0x000000009a1b6960,0x000000009a200000)
 Metaspace       used 73039K, committed 74624K, reserved 1179648K
  class space    used 7938K, committed 8640K, reserved 1048576K
}
Event: 479.968 GC heap before
{Heap before GC invocations=1073 (full 6):
 PSYoungGen      total 1536K, used 1296K [0x00000000d5580000, 0x00000000d5980000, 0x0000000100000000)
  eden space 1024K, 100% used [0x00000000d5580000,0x00000000d5680000,0x00000000d5680000)
  from space 512K, 53% used [0x00000000d5900000,0x00000000d5944010,0x00000000d5980000)
  to   space 512K, 0% used [0x00000000d5880000,0x00000000d5880000,0x00000000d5900000)
 ParOldGen       total 428032K, used 427738K [0x0000000080000000, 0x000000009a200000, 0x00000000d5580000)
  object space 428032K, 99% used [0x0000000080000000,0x000000009a1b6960,0x000000009a200000)
 Metaspace       used 73043K, committed 74624K, reserved 1179648K
  class space    used 7938K, committed 8640K, reserved 1048576K
}
Event: 479.975 GC heap after
{Heap after GC invocations=1073 (full 6):
 PSYoungGen      total 1536K, used 256K [0x00000000d5580000, 0x00000000d5980000, 0x0000000100000000)
  eden space 1024K, 0% used [0x00000000d5580000,0x00000000d5580000,0x00000000d5680000)
  from space 512K, 50% used [0x00000000d5880000,0x00000000d58c0000,0x00000000d5900000)
  to   space 512K, 0% used [0x00000000d5900000,0x00000000d5900000,0x00000000d5980000)
 ParOldGen       total 428032K, used 427967K [0x0000000080000000, 0x000000009a200000, 0x00000000d5580000)
  object space 428032K, 99% used [0x0000000080000000,0x000000009a1efdf0,0x000000009a200000)
 Metaspace       used 73043K, committed 74624K, reserved 1179648K
  class space    used 7938K, committed 8640K, reserved 1048576K
}
Event: 480.008 GC heap before
{Heap before GC invocations=1074 (full 6):
 PSYoungGen      total 1536K, used 1280K [0x00000000d5580000, 0x00000000d5980000, 0x0000000100000000)
  eden space 1024K, 100% used [0x00000000d5580000,0x00000000d5680000,0x00000000d5680000)
  from space 512K, 50% used [0x00000000d5880000,0x00000000d58c0000,0x00000000d5900000)
  to   space 512K, 0% used [0x00000000d5900000,0x00000000d5900000,0x00000000d5980000)
 ParOldGen       total 428032K, used 427967K [0x0000000080000000, 0x000000009a200000, 0x00000000d5580000)
  object space 428032K, 99% used [0x0000000080000000,0x000000009a1efdf0,0x000000009a200000)
 Metaspace       used 73048K, committed 74624K, reserved 1179648K
  class space    used 7938K, committed 8640K, reserved 1048576K
}
Event: 480.015 GC heap after
{Heap after GC invocations=1074 (full 6):
 PSYoungGen      total 1536K, used 368K [0x00000000d5580000, 0x00000000d5980000, 0x0000000100000000)
  eden space 1024K, 0% used [0x00000000d5580000,0x00000000d5580000,0x00000000d5680000)
  from space 512K, 71% used [0x00000000d5900000,0x00000000d595c010,0x00000000d5980000)
  to   space 512K, 0% used [0x00000000d5880000,0x00000000d5880000,0x00000000d5900000)
 ParOldGen       total 428544K, used 428113K [0x0000000080000000, 0x000000009a280000, 0x00000000d5580000)
  object space 428544K, 99% used [0x0000000080000000,0x000000009a214520,0x000000009a280000)
 Metaspace       used 73048K, committed 74624K, reserved 1179648K
  class space    used 7938K, committed 8640K, reserved 1048576K
}
Event: 480.256 GC heap before
{Heap before GC invocations=1075 (full 6):
 PSYoungGen      total 1536K, used 1392K [0x00000000d5580000, 0x00000000d5980000, 0x0000000100000000)
  eden space 1024K, 100% used [0x00000000d5580000,0x00000000d5680000,0x00000000d5680000)
  from space 512K, 71% used [0x00000000d5900000,0x00000000d595c010,0x00000000d5980000)
  to   space 512K, 0% used [0x00000000d5880000,0x00000000d5880000,0x00000000d5900000)
 ParOldGen       total 428544K, used 428113K [0x0000000080000000, 0x000000009a280000, 0x00000000d5580000)
  object space 428544K, 99% used [0x0000000080000000,0x000000009a214520,0x000000009a280000)
 Metaspace       used 73061K, committed 74624K, reserved 1179648K
  class space    used 7938K, committed 8640K, reserved 1048576K
}
Event: 480.262 GC heap after
{Heap after GC invocations=1075 (full 6):
 PSYoungGen      total 1536K, used 128K [0x00000000d5580000, 0x00000000d5980000, 0x0000000100000000)
  eden space 1024K, 0% used [0x00000000d5580000,0x00000000d5580000,0x00000000d5680000)
  from space 512K, 25% used [0x00000000d5880000,0x00000000d58a0000,0x00000000d5900000)
  to   space 512K, 0% used [0x00000000d5900000,0x00000000d5900000,0x00000000d5980000)
 ParOldGen       total 428544K, used 428361K [0x0000000080000000, 0x000000009a280000, 0x00000000d5580000)
  object space 428544K, 99% used [0x0000000080000000,0x000000009a252530,0x000000009a280000)
 Metaspace       used 73061K, committed 74624K, reserved 1179648K
  class space    used 7938K, committed 8640K, reserved 1048576K
}
Event: 480.280 GC heap before
{Heap before GC invocations=1076 (full 6):
 PSYoungGen      total 1536K, used 1152K [0x00000000d5580000, 0x00000000d5980000, 0x0000000100000000)
  eden space 1024K, 100% used [0x00000000d5580000,0x00000000d5680000,0x00000000d5680000)
  from space 512K, 25% used [0x00000000d5880000,0x00000000d58a0000,0x00000000d5900000)
  to   space 512K, 0% used [0x00000000d5900000,0x00000000d5900000,0x00000000d5980000)
 ParOldGen       total 428544K, used 428361K [0x0000000080000000, 0x000000009a280000, 0x00000000d5580000)
  object space 428544K, 99% used [0x0000000080000000,0x000000009a252530,0x000000009a280000)
 Metaspace       used 73061K, committed 74624K, reserved 1179648K
  class space    used 7938K, committed 8640K, reserved 1048576K
}
Event: 480.287 GC heap after
{Heap after GC invocations=1076 (full 6):
 PSYoungGen      total 1536K, used 288K [0x00000000d5580000, 0x00000000d5980000, 0x0000000100000000)
  eden space 1024K, 0% used [0x00000000d5580000,0x00000000d5580000,0x00000000d5680000)
  from space 512K, 56% used [0x00000000d5900000,0x00000000d5948000,0x00000000d5980000)
  to   space 512K, 0% used [0x00000000d5880000,0x00000000d5880000,0x00000000d5900000)
 ParOldGen       total 428544K, used 428441K [0x0000000080000000, 0x000000009a280000, 0x00000000d5580000)
  object space 428544K, 99% used [0x0000000080000000,0x000000009a266530,0x000000009a280000)
 Metaspace       used 73061K, committed 74624K, reserved 1179648K
  class space    used 7938K, committed 8640K, reserved 1048576K
}
Event: 480.572 GC heap before
{Heap before GC invocations=1077 (full 6):
 PSYoungGen      total 1536K, used 1311K [0x00000000d5580000, 0x00000000d5980000, 0x0000000100000000)
  eden space 1024K, 99% used [0x00000000d5580000,0x00000000d567fff0,0x00000000d5680000)
  from space 512K, 56% used [0x00000000d5900000,0x00000000d5948000,0x00000000d5980000)
  to   space 512K, 0% used [0x00000000d5880000,0x00000000d5880000,0x00000000d5900000)
 ParOldGen       total 428544K, used 428441K [0x0000000080000000, 0x000000009a280000, 0x00000000d5580000)
  object space 428544K, 99% used [0x0000000080000000,0x000000009a266530,0x000000009a280000)
 Metaspace       used 73076K, committed 74688K, reserved 1179648K
  class space    used 7940K, committed 8640K, reserved 1048576K
}
Event: 480.577 GC heap after
{Heap after GC invocations=1077 (full 6):
 PSYoungGen      total 1536K, used 128K [0x00000000d5580000, 0x00000000d5980000, 0x0000000100000000)
  eden space 1024K, 0% used [0x00000000d5580000,0x00000000d5580000,0x00000000d5680000)
  from space 512K, 25% used [0x00000000d5880000,0x00000000d58a0000,0x00000000d5900000)
  to   space 512K, 0% used [0x00000000d5900000,0x00000000d5900000,0x00000000d5980000)
 ParOldGen       total 428544K, used 428469K [0x0000000080000000, 0x000000009a280000, 0x00000000d5580000)
  object space 428544K, 99% used [0x0000000080000000,0x000000009a26d7d0,0x000000009a280000)
 Metaspace       used 73076K, committed 74688K, reserved 1179648K
  class space    used 7940K, committed 8640K, reserved 1048576K
}
Event: 480.614 GC heap before
{Heap before GC invocations=1078 (full 6):
 PSYoungGen      total 1536K, used 1152K [0x00000000d5580000, 0x00000000d5980000, 0x0000000100000000)
  eden space 1024K, 100% used [0x00000000d5580000,0x00000000d5680000,0x00000000d5680000)
  from space 512K, 25% used [0x00000000d5880000,0x00000000d58a0000,0x00000000d5900000)
  to   space 512K, 0% used [0x00000000d5900000,0x00000000d5900000,0x00000000d5980000)
 ParOldGen       total 428544K, used 428469K [0x0000000080000000, 0x000000009a280000, 0x00000000d5580000)
  object space 428544K, 99% used [0x0000000080000000,0x000000009a26d7d0,0x000000009a280000)
 Metaspace       used 73077K, committed 74688K, reserved 1179648K
  class space    used 7940K, committed 8640K, reserved 1048576K
}
Event: 480.621 GC heap after
{Heap after GC invocations=1078 (full 6):
 PSYoungGen      total 1536K, used 240K [0x00000000d5580000, 0x00000000d5980000, 0x0000000100000000)
  eden space 1024K, 0% used [0x00000000d5580000,0x00000000d5580000,0x00000000d5680000)
  from space 512K, 46% used [0x00000000d5900000,0x00000000d593c010,0x00000000d5980000)
  to   space 512K, 0% used [0x00000000d5880000,0x00000000d5880000,0x00000000d5900000)
 ParOldGen       total 428544K, used 428517K [0x0000000080000000, 0x000000009a280000, 0x00000000d5580000)
  object space 428544K, 99% used [0x0000000080000000,0x000000009a2797d0,0x000000009a280000)
 Metaspace       used 73077K, committed 74688K, reserved 1179648K
  class space    used 7940K, committed 8640K, reserved 1048576K
}
Event: 481.520 GC heap before
{Heap before GC invocations=1079 (full 6):
 PSYoungGen      total 1536K, used 1261K [0x00000000d5580000, 0x00000000d5980000, 0x0000000100000000)
  eden space 1024K, 99% used [0x00000000d5580000,0x00000000d567f730,0x00000000d5680000)
  from space 512K, 46% used [0x00000000d5900000,0x00000000d593c010,0x00000000d5980000)
  to   space 512K, 0% used [0x00000000d5880000,0x00000000d5880000,0x00000000d5900000)
 ParOldGen       total 428544K, used 428517K [0x0000000080000000, 0x000000009a280000, 0x00000000d5580000)
  object space 428544K, 99% used [0x0000000080000000,0x000000009a2797d0,0x000000009a280000)
 Metaspace       used 73097K, committed 74688K, reserved 1179648K
  class space    used 7940K, committed 8640K, reserved 1048576K
}
Event: 481.527 GC heap after
{Heap after GC invocations=1079 (full 6):
 PSYoungGen      total 1536K, used 224K [0x00000000d5580000, 0x00000000d5980000, 0x0000000100000000)
  eden space 1024K, 0% used [0x00000000d5580000,0x00000000d5580000,0x00000000d5680000)
  from space 512K, 43% used [0x00000000d5880000,0x00000000d58b8000,0x00000000d5900000)
  to   space 512K, 0% used [0x00000000d5900000,0x00000000d5900000,0x00000000d5980000)
 ParOldGen       total 429056K, used 428684K [0x0000000080000000, 0x000000009a300000, 0x00000000d5580000)
  object space 429056K, 99% used [0x0000000080000000,0x000000009a2a3220,0x000000009a300000)
 Metaspace       used 73097K, committed 74688K, reserved 1179648K
  class space    used 7940K, committed 8640K, reserved 1048576K
}
Event: 481.629 GC heap before
{Heap before GC invocations=1080 (full 6):
 PSYoungGen      total 1536K, used 1248K [0x00000000d5580000, 0x00000000d5980000, 0x0000000100000000)
  eden space 1024K, 100% used [0x00000000d5580000,0x00000000d5680000,0x00000000d5680000)
  from space 512K, 43% used [0x00000000d5880000,0x00000000d58b8000,0x00000000d5900000)
  to   space 512K, 0% used [0x00000000d5900000,0x00000000d5900000,0x00000000d5980000)
 ParOldGen       total 429056K, used 428684K [0x0000000080000000, 0x000000009a300000, 0x00000000d5580000)
  object space 429056K, 99% used [0x0000000080000000,0x000000009a2a3220,0x000000009a300000)
 Metaspace       used 73099K, committed 74688K, reserved 1179648K
  class space    used 7940K, committed 8640K, reserved 1048576K
}
Event: 481.636 GC heap after
{Heap after GC invocations=1080 (full 6):
 PSYoungGen      total 1536K, used 176K [0x00000000d5580000, 0x00000000d5980000, 0x0000000100000000)
  eden space 1024K, 0% used [0x00000000d5580000,0x00000000d5580000,0x00000000d5680000)
  from space 512K, 34% used [0x00000000d5900000,0x00000000d592c010,0x00000000d5980000)
  to   space 512K, 0% used [0x00000000d5880000,0x00000000d5880000,0x00000000d5900000)
 ParOldGen       total 429056K, used 428820K [0x0000000080000000, 0x000000009a300000, 0x00000000d5580000)
  object space 429056K, 99% used [0x0000000080000000,0x000000009a2c5220,0x000000009a300000)
 Metaspace       used 73099K, committed 74688K, reserved 1179648K
  class space    used 7940K, committed 8640K, reserved 1048576K
}

