# JRE version: OpenJDK Runtime Environment Temurin-21.0.12.1+1 (21.0.12.1+1) (build 21.0.12.1+1-LTS)
# Java VM: OpenJDK 64-Bit Server VM Temurin-21.0.12.1+1 (21.0.12.1+1-LTS, mixed mode, sharing, tiered, compressed oops, compressed class ptrs, parallel gc, windows-amd64)
GC Precious Log:
 CardTable entry size: 512
 CPUs: 4 total, 4 available
 Memory: 3956M
 Large Page Support: Disabled
 NUMA Support: Disabled
 Compressed Oops: Enabled (32-bit)
 Alignments: Space 512K, Generation 512K, Heap 2M
 Heap Min Capacity: 100M
 Heap Initial Capacity: 100M
 Heap Max Capacity: 2G
 Pre-touch: Disabled
 Parallel Workers: 4
Heap:
 PSYoungGen      total 17408K, used 15334K [0x00000000d5580000, 0x00000000d6800000, 0x0000000100000000)
  eden space 16896K, 87% used [0x00000000d5580000,0x00000000d63fda90,0x00000000d6600000)
  from space 512K, 96% used [0x00000000d6780000,0x00000000d67fc030,0x00000000d6800000)
  to   space 1024K, 0% used [0x00000000d6600000,0x00000000d6600000,0x00000000d6700000)
 ParOldGen       total 68608K, used 42841K [0x0000000080000000, 0x0000000084300000, 0x00000000d5580000)
  object space 68608K, 62% used [0x0000000080000000,0x00000000829d6590,0x0000000084300000)
 Metaspace       used 61225K, committed 62592K, reserved 1114112K
  class space    used 6484K, committed 7104K, reserved 1048576K
GC Heap History (20 events):
Event: 236.528 GC heap before
{Heap before GC invocations=30 (full 2):
 PSYoungGen      total 17408K, used 17159K [0x00000000d5580000, 0x00000000d6c00000, 0x0000000100000000)
  eden space 16896K, 99% used [0x00000000d5580000,0x00000000d65f9d28,0x00000000d6600000)
  from space 512K, 56% used [0x00000000d6600000,0x00000000d6648000,0x00000000d6680000)
  to   space 2048K, 0% used [0x00000000d6a00000,0x00000000d6a00000,0x00000000d6c00000)
 ParOldGen       total 68608K, used 41229K [0x0000000080000000, 0x0000000084300000, 0x00000000d5580000)
  object space 68608K, 60% used [0x0000000080000000,0x0000000082843488,0x0000000084300000)
 Metaspace       used 52259K, committed 53504K, reserved 1114112K
  class space    used 5636K, committed 6208K, reserved 1048576K
}
Event: 236.536 GC heap after
{Heap after GC invocations=30 (full 2):
 PSYoungGen      total 18944K, used 1597K [0x00000000d5580000, 0x00000000d6c00000, 0x0000000100000000)
  eden space 16896K, 0% used [0x00000000d5580000,0x00000000d5580000,0x00000000d6600000)
  from space 2048K, 77% used [0x00000000d6a00000,0x00000000d6b8f438,0x00000000d6c00000)
  to   space 2048K, 0% used [0x00000000d6800000,0x00000000d6800000,0x00000000d6a00000)
 ParOldGen       total 68608K, used 41421K [0x0000000080000000, 0x0000000084300000, 0x00000000d5580000)
  object space 68608K, 60% used [0x0000000080000000,0x0000000082873488,0x0000000084300000)
 Metaspace       used 52259K, committed 53504K, reserved 1114112K
  class space    used 5636K, committed 6208K, reserved 1048576K
}
Event: 237.338 GC heap before
{Heap before GC invocations=31 (full 2):
 PSYoungGen      total 18944K, used 18493K [0x00000000d5580000, 0x00000000d6c00000, 0x0000000100000000)
  eden space 16896K, 100% used [0x00000000d5580000,0x00000000d6600000,0x00000000d6600000)
  from space 2048K, 77% used [0x00000000d6a00000,0x00000000d6b8f438,0x00000000d6c00000)
  to   space 2048K, 0% used [0x00000000d6800000,0x00000000d6800000,0x00000000d6a00000)
 ParOldGen       total 68608K, used 41421K [0x0000000080000000, 0x0000000084300000, 0x00000000d5580000)
  object space 68608K, 60% used [0x0000000080000000,0x0000000082873488,0x0000000084300000)
 Metaspace       used 52284K, committed 53504K, reserved 1114112K
  class space    used 5636K, committed 6208K, reserved 1048576K
}
Event: 237.344 GC heap after
{Heap after GC invocations=31 (full 2):
 PSYoungGen      total 17920K, used 918K [0x00000000d5580000, 0x00000000d6a80000, 0x0000000100000000)
  eden space 16896K, 0% used [0x00000000d5580000,0x00000000d5580000,0x00000000d6600000)
  from space 1024K, 89% used [0x00000000d6800000,0x00000000d68e59c8,0x00000000d6900000)
  to   space 1536K, 0% used [0x00000000d6900000,0x00000000d6900000,0x00000000d6a80000)
 ParOldGen       total 68608K, used 42320K [0x0000000080000000, 0x0000000084300000, 0x00000000d5580000)
  object space 68608K, 61% used [0x0000000080000000,0x0000000082954168,0x0000000084300000)
 Metaspace       used 52284K, committed 53504K, reserved 1114112K
  class space    used 5636K, committed 6208K, reserved 1048576K
}
Event: 239.885 GC heap before
{Heap before GC invocations=32 (full 2):
 PSYoungGen      total 17920K, used 17814K [0x00000000d5580000, 0x00000000d6a80000, 0x0000000100000000)
  eden space 16896K, 100% used [0x00000000d5580000,0x00000000d6600000,0x00000000d6600000)
  from space 1024K, 89% used [0x00000000d6800000,0x00000000d68e59c8,0x00000000d6900000)
  to   space 1536K, 0% used [0x00000000d6900000,0x00000000d6900000,0x00000000d6a80000)
 ParOldGen       total 68608K, used 42320K [0x0000000080000000, 0x0000000084300000, 0x00000000d5580000)
  object space 68608K, 61% used [0x0000000080000000,0x0000000082954168,0x0000000084300000)
 Metaspace       used 52973K, committed 54208K, reserved 1114112K
  class space    used 5699K, committed 6272K, reserved 1048576K
}
Event: 239.891 GC heap after
{Heap after GC invocations=32 (full 2):
 PSYoungGen      total 17408K, used 128K [0x00000000d5580000, 0x00000000d6980000, 0x0000000100000000)
  eden space 16896K, 0% used [0x00000000d5580000,0x00000000d5580000,0x00000000d6600000)
  from space 512K, 25% used [0x00000000d6900000,0x00000000d6920000,0x00000000d6980000)
  to   space 512K, 0% used [0x00000000d6880000,0x00000000d6880000,0x00000000d6900000)
 ParOldGen       total 68608K, used 42328K [0x0000000080000000, 0x0000000084300000, 0x00000000d5580000)
  object space 68608K, 61% used [0x0000000080000000,0x0000000082956168,0x0000000084300000)
 Metaspace       used 52973K, committed 54208K, reserved 1114112K
  class space    used 5699K, committed 6272K, reserved 1048576K
}
Event: 277.298 GC heap before
{Heap before GC invocations=33 (full 2):
 PSYoungGen      total 17408K, used 17024K [0x00000000d5580000, 0x00000000d6980000, 0x0000000100000000)
  eden space 16896K, 100% used [0x00000000d5580000,0x00000000d6600000,0x00000000d6600000)
  from space 512K, 25% used [0x00000000d6900000,0x00000000d6920000,0x00000000d6980000)
  to   space 512K, 0% used [0x00000000d6880000,0x00000000d6880000,0x00000000d6900000)
 ParOldGen       total 68608K, used 42542K [0x0000000080000000, 0x0000000084300000, 0x00000000d5580000)
  object space 68608K, 62% used [0x0000000080000000,0x000000008298bbd0,0x0000000084300000)
 Metaspace       used 55208K, committed 56448K, reserved 1114112K
  class space    used 5929K, committed 6528K, reserved 1048576K
}
Event: 277.328 GC heap after
{Heap after GC invocations=33 (full 2):
 PSYoungGen      total 17408K, used 480K [0x00000000d5580000, 0x00000000d6a00000, 0x0000000100000000)
  eden space 16896K, 0% used [0x00000000d5580000,0x00000000d5580000,0x00000000d6600000)
  from space 512K, 93% used [0x00000000d6880000,0x00000000d68f8050,0x00000000d6900000)
  to   space 1024K, 0% used [0x00000000d6900000,0x00000000d6900000,0x00000000d6a00000)
 ParOldGen       total 68608K, used 43552K [0x0000000080000000, 0x0000000084300000, 0x00000000d5580000)
  object space 68608K, 63% used [0x0000000080000000,0x0000000082a882d8,0x0000000084300000)
 Metaspace       used 55208K, committed 56448K, reserved 1114112K
  class space    used 5929K, committed 6528K, reserved 1048576K
}
Event: 303.745 GC heap before
{Heap before GC invocations=34 (full 2):
 PSYoungGen      total 17408K, used 17376K [0x00000000d5580000, 0x00000000d6a00000, 0x0000000100000000)
  eden space 16896K, 100% used [0x00000000d5580000,0x00000000d6600000,0x00000000d6600000)
  from space 512K, 93% used [0x00000000d6880000,0x00000000d68f8050,0x00000000d6900000)
  to   space 1024K, 0% used [0x00000000d6900000,0x00000000d6900000,0x00000000d6a00000)
 ParOldGen       total 68608K, used 43556K [0x0000000080000000, 0x0000000084300000, 0x00000000d5580000)
  object space 68608K, 63% used [0x0000000080000000,0x0000000082a89128,0x0000000084300000)
 Metaspace       used 57317K, committed 58624K, reserved 1114112K
  class space    used 6137K, committed 6720K, reserved 1048576K
}
Event: 303.751 GC heap after
{Heap after GC invocations=34 (full 2):
 PSYoungGen      total 17920K, used 1024K [0x00000000d5580000, 0x00000000d6a00000, 0x0000000100000000)
  eden space 16896K, 0% used [0x00000000d5580000,0x00000000d5580000,0x00000000d6600000)
  from space 1024K, 100% used [0x00000000d6900000,0x00000000d6a00000,0x00000000d6a00000)
  to   space 2048K, 0% used [0x00000000d6600000,0x00000000d6600000,0x00000000d6800000)
 ParOldGen       total 68608K, used 44012K [0x0000000080000000, 0x0000000084300000, 0x00000000d5580000)
  object space 68608K, 64% used [0x0000000080000000,0x0000000082afb198,0x0000000084300000)
 Metaspace       used 57317K, committed 58624K, reserved 1114112K
  class space    used 6137K, committed 6720K, reserved 1048576K
}
Event: 310.409 GC heap before
{Heap before GC invocations=35 (full 2):
 PSYoungGen      total 17920K, used 13710K [0x00000000d5580000, 0x00000000d6a00000, 0x0000000100000000)
  eden space 16896K, 75% used [0x00000000d5580000,0x00000000d61e3bc8,0x00000000d6600000)
  from space 1024K, 100% used [0x00000000d6900000,0x00000000d6a00000,0x00000000d6a00000)
  to   space 2048K, 0% used [0x00000000d6600000,0x00000000d6600000,0x00000000d6800000)
 ParOldGen       total 68608K, used 44012K [0x0000000080000000, 0x0000000084300000, 0x00000000d5580000)
  object space 68608K, 64% used [0x0000000080000000,0x0000000082afb198,0x0000000084300000)
 Metaspace       used 58556K, committed 59776K, reserved 1114112K
  class space    used 6301K, committed 6848K, reserved 1048576K
}
Event: 310.426 GC heap after
{Heap after GC invocations=35 (full 2):
 PSYoungGen      total 18944K, used 1665K [0x00000000d5580000, 0x00000000d6a00000, 0x0000000100000000)
  eden space 16896K, 0% used [0x00000000d5580000,0x00000000d5580000,0x00000000d6600000)
  from space 2048K, 81% used [0x00000000d6600000,0x00000000d67a0488,0x00000000d6800000)
  to   space 2048K, 0% used [0x00000000d6800000,0x00000000d6800000,0x00000000d6a00000)
 ParOldGen       total 68608K, used 44904K [0x0000000080000000, 0x0000000084300000, 0x00000000d5580000)
  object space 68608K, 65% used [0x0000000080000000,0x0000000082bda240,0x0000000084300000)
 Metaspace       used 58556K, committed 59776K, reserved 1114112K
  class space    used 6301K, committed 6848K, reserved 1048576K
}
Event: 310.426 GC heap before
{Heap before GC invocations=36 (full 3):
 PSYoungGen      total 18944K, used 1665K [0x00000000d5580000, 0x00000000d6a00000, 0x0000000100000000)
  eden space 16896K, 0% used [0x00000000d5580000,0x00000000d5580000,0x00000000d6600000)
  from space 2048K, 81% used [0x00000000d6600000,0x00000000d67a0488,0x00000000d6800000)
  to   space 2048K, 0% used [0x00000000d6800000,0x00000000d6800000,0x00000000d6a00000)
 ParOldGen       total 68608K, used 44904K [0x0000000080000000, 0x0000000084300000, 0x00000000d5580000)
  object space 68608K, 65% used [0x0000000080000000,0x0000000082bda240,0x0000000084300000)
 Metaspace       used 58556K, committed 59776K, reserved 1114112K
  class space    used 6301K, committed 6848K, reserved 1048576K
}
Event: 311.005 GC heap after
{Heap after GC invocations=36 (full 3):
 PSYoungGen      total 18944K, used 0K [0x00000000d5580000, 0x00000000d6a00000, 0x0000000100000000)
  eden space 16896K, 0% used [0x00000000d5580000,0x00000000d5580000,0x00000000d6600000)
  from space 2048K, 0% used [0x00000000d6600000,0x00000000d6600000,0x00000000d6800000)
  to   space 2048K, 0% used [0x00000000d6800000,0x00000000d6800000,0x00000000d6a00000)
 ParOldGen       total 68608K, used 40831K [0x0000000080000000, 0x0000000084300000, 0x00000000d5580000)
  object space 68608K, 59% used [0x0000000080000000,0x00000000827dfc30,0x0000000084300000)
 Metaspace       used 58554K, committed 59776K, reserved 1114112K
  class space    used 6301K, committed 6848K, reserved 1048576K
}
Event: 316.768 GC heap before
{Heap before GC invocations=37 (full 3):
 PSYoungGen      total 18944K, used 16896K [0x00000000d5580000, 0x00000000d6a00000, 0x0000000100000000)
  eden space 16896K, 100% used [0x00000000d5580000,0x00000000d6600000,0x00000000d6600000)
  from space 2048K, 0% used [0x00000000d6600000,0x00000000d6600000,0x00000000d6800000)
  to   space 2048K, 0% used [0x00000000d6800000,0x00000000d6800000,0x00000000d6a00000)
 ParOldGen       total 68608K, used 40831K [0x0000000080000000, 0x0000000084300000, 0x00000000d5580000)
  object space 68608K, 59% used [0x0000000080000000,0x00000000827dfc30,0x0000000084300000)
 Metaspace       used 60099K, committed 61440K, reserved 1114112K
  class space    used 6441K, committed 7040K, reserved 1048576K
}
Event: 316.780 GC heap after
{Heap after GC invocations=37 (full 3):
 PSYoungGen      total 18944K, used 1913K [0x00000000d5580000, 0x00000000d6a00000, 0x0000000100000000)
  eden space 16896K, 0% used [0x00000000d5580000,0x00000000d5580000,0x00000000d6600000)
  from space 2048K, 93% used [0x00000000d6800000,0x00000000d69de528,0x00000000d6a00000)
  to   space 2048K, 0% used [0x00000000d6600000,0x00000000d6600000,0x00000000d6800000)
 ParOldGen       total 68608K, used 40839K [0x0000000080000000, 0x0000000084300000, 0x00000000d5580000)
  object space 68608K, 59% used [0x0000000080000000,0x00000000827e1c30,0x0000000084300000)
 Metaspace       used 60099K, committed 61440K, reserved 1114112K
  class space    used 6441K, committed 7040K, reserved 1048576K
}
Event: 323.147 GC heap before
{Heap before GC invocations=38 (full 3):
 PSYoungGen      total 18944K, used 18809K [0x00000000d5580000, 0x00000000d6a00000, 0x0000000100000000)
  eden space 16896K, 100% used [0x00000000d5580000,0x00000000d6600000,0x00000000d6600000)
  from space 2048K, 93% used [0x00000000d6800000,0x00000000d69de528,0x00000000d6a00000)
  to   space 2048K, 0% used [0x00000000d6600000,0x00000000d6600000,0x00000000d6800000)
 ParOldGen       total 68608K, used 40839K [0x0000000080000000, 0x0000000084300000, 0x00000000d5580000)
  object space 68608K, 59% used [0x0000000080000000,0x00000000827e1c30,0x0000000084300000)
 Metaspace       used 60534K, committed 61824K, reserved 1114112K
  class space    used 6449K, committed 7040K, reserved 1048576K
}
Event: 323.157 GC heap after
{Heap after GC invocations=38 (full 3):
 PSYoungGen      total 17920K, used 816K [0x00000000d5580000, 0x00000000d6900000, 0x0000000100000000)
  eden space 16896K, 0% used [0x00000000d5580000,0x00000000d5580000,0x00000000d6600000)
  from space 1024K, 79% used [0x00000000d6600000,0x00000000d66cc050,0x00000000d6700000)
  to   space 1536K, 0% used [0x00000000d6780000,0x00000000d6780000,0x00000000d6900000)
 ParOldGen       total 68608K, used 42673K [0x0000000080000000, 0x0000000084300000, 0x00000000d5580000)
  object space 68608K, 62% used [0x0000000080000000,0x00000000829ac550,0x0000000084300000)
 Metaspace       used 60534K, committed 61824K, reserved 1114112K
  class space    used 6449K, committed 7040K, reserved 1048576K
}
Event: 329.860 GC heap before
{Heap before GC invocations=39 (full 3):
 PSYoungGen      total 17920K, used 17712K [0x00000000d5580000, 0x00000000d6900000, 0x0000000100000000)
  eden space 16896K, 100% used [0x00000000d5580000,0x00000000d6600000,0x00000000d6600000)
  from space 1024K, 79% used [0x00000000d6600000,0x00000000d66cc050,0x00000000d6700000)
  to   space 1536K, 0% used [0x00000000d6780000,0x00000000d6780000,0x00000000d6900000)
 ParOldGen       total 68608K, used 42673K [0x0000000080000000, 0x0000000084300000, 0x00000000d5580000)
  object space 68608K, 62% used [0x0000000080000000,0x00000000829ac550,0x0000000084300000)
 Metaspace       used 60796K, committed 62144K, reserved 1114112K
  class space    used 6457K, committed 7040K, reserved 1048576K
}
Event: 329.866 GC heap after
{Heap after GC invocations=39 (full 3):
 PSYoungGen      total 17408K, used 496K [0x00000000d5580000, 0x00000000d6800000, 0x0000000100000000)
  eden space 16896K, 0% used [0x00000000d5580000,0x00000000d5580000,0x00000000d6600000)
  from space 512K, 96% used [0x00000000d6780000,0x00000000d67fc030,0x00000000d6800000)
  to   space 1024K, 0% used [0x00000000d6600000,0x00000000d6600000,0x00000000d6700000)
 ParOldGen       total 68608K, used 42841K [0x0000000080000000, 0x0000000084300000, 0x00000000d5580000)
  object space 68608K, 62% used [0x0000000080000000,0x00000000829d6590,0x0000000084300000)
 Metaspace       used 60796K, committed 62144K, reserved 1114112K
  class space    used 6457K, committed 7040K, reserved 1048576K
}

